Using pre-set license
Built from '2020.3/staging' branch; Version is '2020.3.10f1 (297d780c91bc) revision 2719096'; Using compiler version '192528614'; Build Type 'Release'
OS: 'Windows 10 Enterprise; OS build 19044.1889; Version 2009; 64bit' Language: 'ru' Physical Memory: 16365 MB
BatchMode: 1, IsHumanControllingUs: 0, StartBugReporterOnCrash: 0, Is64bit: 1, IsPro: 0

 COMMAND LINE ARGUMENTS:
C:\Program Files\Unity\Hub\Editor\2020.3.10f1\Editor\Unity.exe
-adb2
-batchMode
-noUpm
-name
AssetImportWorker0
-projectPath
C:/Users/1/Documents/GitHub/ChatServer
-logFile
Logs/AssetImportWorker0.log
-srvPort
52807
Successfully changed project path to: C:/Users/1/Documents/GitHub/ChatServer
C:/Users/1/Documents/GitHub/ChatServer
Using Asset Import Pipeline V2.
Refreshing native plugins compatible for Editor in 43.79 ms, found 2 plugins.
Preloading 0 native plugins for Editor in 0.00 ms.
Initialize engine version: 2020.3.10f1 (297d780c91bc)
[Subsystems] Discovering subsystems at path C:/Program Files/Unity/Hub/Editor/2020.3.10f1/Editor/Data/Resources/UnitySubsystems
[Subsystems] Discovering subsystems at path C:/Users/1/Documents/GitHub/ChatServer/Assets
GfxDevice: creating device client; threaded=0
Direct3D:
    Version:  Direct3D 11.0 [level 11.1]
    Renderer: NVIDIA GeForce RTX 2070 (ID=0x1f02)
    Vendor:   
    VRAM:     8031 MB
    Driver:   27.21.14.5751
Initialize mono
Mono path[0] = 'C:/Program Files/Unity/Hub/Editor/2020.3.10f1/Editor/Data/Managed'
Mono path[1] = 'C:/Program Files/Unity/Hub/Editor/2020.3.10f1/Editor/Data/MonoBleedingEdge/lib/mono/unityjit'
Mono config path = 'C:/Program Files/Unity/Hub/Editor/2020.3.10f1/Editor/Data/MonoBleedingEdge/etc'
Using monoOptions --debugger-agent=transport=dt_socket,embedding=1,server=y,suspend=n,address=127.0.0.1:56464
Begin MonoManager ReloadAssembly
Registering precompiled unity dll's ...
Register platform support module: C:/Program Files/Unity/Hub/Editor/2020.3.10f1/Editor/Data/PlaybackEngines/WindowsStandaloneSupport/UnityEditor.WindowsStandalone.Extensions.dll
Registered in 0.002826 seconds.
Native extension for WindowsStandalone target not found
Refreshing native plugins compatible for Editor in 38.83 ms, found 2 plugins.
Preloading 0 native plugins for Editor in 0.00 ms.
Mono: successfully reloaded assembly
- Completed reload, in  1.843 seconds
Platform modules already initialized, skipping
Registering precompiled user dll's ...
Registered in 0.004807 seconds.
Begin MonoManager ReloadAssembly
Native extension for WindowsStandalone target not found
Refreshing native plugins compatible for Editor in 0.43 ms, found 2 plugins.
Preloading 0 native plugins for Editor in 0.00 ms.
Mono: successfully reloaded assembly
- Completed reload, in  1.462 seconds
Platform modules already initialized, skipping
========================================================================
Worker process is ready to serve import requests
Launched and connected shader compiler UnityShaderCompiler.exe after 0.05 seconds
Refreshing native plugins compatible for Editor in 0.39 ms, found 2 plugins.
Preloading 0 native plugins for Editor in 0.00 ms.
Unloading 1387 Unused Serialized files (Serialized files now loaded: 0)
System memory in use before: 64.7 MB.
System memory in use after: 64.7 MB.

Unloading 19 unused Assets to reduce memory usage. Loaded Objects now: 1821.
Total: 2.279200 ms (FindLiveObjects: 0.147000 ms CreateObjectMapping: 0.058100 ms MarkObjects: 1.965200 ms  DeleteObjects: 0.107500 ms)

========================================================================
Received Import Request.
  path: Assets/Scripts/Server.cs
  artifactKey: Guid(8b52a8cf09e231b44b07d72e7e5e9b8b) Importer(815301076,1909f56bfc062723c751e8b465ee728b)
Start importing Assets/Scripts/Server.cs using Guid(8b52a8cf09e231b44b07d72e7e5e9b8b) Importer(815301076,1909f56bfc062723c751e8b465ee728b)  -> (artifact id: '16a4fdcdf07ecefd37ba399a16d98973') in 0.280611 seconds
  Import took 0.283424 seconds .

========================================================================
Received Import Request.
  Time since last request: 464.173178 seconds.
  path: Assets/Scripts/Server.cs
  artifactKey: Guid(8b52a8cf09e231b44b07d72e7e5e9b8b) Importer(815301076,1909f56bfc062723c751e8b465ee728b)
Start importing Assets/Scripts/Server.cs using Guid(8b52a8cf09e231b44b07d72e7e5e9b8b) Importer(815301076,1909f56bfc062723c751e8b465ee728b)  -> (artifact id: 'f19fb80c7c0bc02b49b20ecbdb0e688a') in 0.003248 seconds
  Import took 0.007106 seconds .

========================================================================
Received Prepare
Registering precompiled user dll's ...
Registered in 0.005043 seconds.
Begin MonoManager ReloadAssembly
Native extension for WindowsStandalone target not found
Refreshing native plugins compatible for Editor in 0.50 ms, found 2 plugins.
Preloading 0 native plugins for Editor in 0.00 ms.
Mono: successfully reloaded assembly
- Completed reload, in  1.276 seconds
Platform modules already initialized, skipping
Refreshing native plugins compatible for Editor in 0.41 ms, found 2 plugins.
Preloading 0 native plugins for Editor in 0.00 ms.
Unloading 1382 Unused Serialized files (Serialized files now loaded: 0)
System memory in use before: 64.6 MB.
System memory in use after: 64.7 MB.

Unloading 14 unused Assets to reduce memory usage. Loaded Objects now: 1824.
Total: 2.154500 ms (FindLiveObjects: 0.142200 ms CreateObjectMapping: 0.057000 ms MarkObjects: 1.878800 ms  DeleteObjects: 0.075300 ms)

========================================================================
Received Import Request.
  Time since last request: 142.410280 seconds.
  path: Assets/Scripts/Server.cs
  artifactKey: Guid(8b52a8cf09e231b44b07d72e7e5e9b8b) Importer(815301076,1909f56bfc062723c751e8b465ee728b)
Start importing Assets/Scripts/Server.cs using Guid(8b52a8cf09e231b44b07d72e7e5e9b8b) Importer(815301076,1909f56bfc062723c751e8b465ee728b)  -> (artifact id: '659d70c1081b52fdc7be310186fffc69') in 0.009492 seconds
  Import took 0.014127 seconds .

========================================================================
Received Import Request.
  Time since last request: 83.136167 seconds.
  path: Assets/Scripts/Server.cs
  artifactKey: Guid(8b52a8cf09e231b44b07d72e7e5e9b8b) Importer(815301076,1909f56bfc062723c751e8b465ee728b)
Start importing Assets/Scripts/Server.cs using Guid(8b52a8cf09e231b44b07d72e7e5e9b8b) Importer(815301076,1909f56bfc062723c751e8b465ee728b)  -> (artifact id: '1db3c051b18ebe8941b7cf08c1ddfd38') in 0.002346 seconds
  Import took 0.004977 seconds .

========================================================================
Received Import Request.
  Time since last request: 25.403174 seconds.
  path: Assets/Scripts/Server.cs
  artifactKey: Guid(8b52a8cf09e231b44b07d72e7e5e9b8b) Importer(815301076,1909f56bfc062723c751e8b465ee728b)
Start importing Assets/Scripts/Server.cs using Guid(8b52a8cf09e231b44b07d72e7e5e9b8b) Importer(815301076,1909f56bfc062723c751e8b465ee728b)  -> (artifact id: '9c652d0458e0d7bdd91478fbc2c198bb') in 0.003308 seconds
  Import took 0.007257 seconds .

========================================================================
Received Prepare
Registering precompiled user dll's ...
Registered in 0.005712 seconds.
Begin MonoManager ReloadAssembly
Native extension for WindowsStandalone target not found
Refreshing native plugins compatible for Editor in 0.40 ms, found 2 plugins.
Preloading 0 native plugins for Editor in 0.00 ms.
Mono: successfully reloaded assembly
- Completed reload, in  1.242 seconds
Platform modules already initialized, skipping
Refreshing native plugins compatible for Editor in 0.43 ms, found 2 plugins.
Preloading 0 native plugins for Editor in 0.00 ms.
Unloading 1382 Unused Serialized files (Serialized files now loaded: 0)
System memory in use before: 64.7 MB.
System memory in use after: 64.7 MB.

Unloading 14 unused Assets to reduce memory usage. Loaded Objects now: 1827.
Total: 2.023800 ms (FindLiveObjects: 0.148700 ms CreateObjectMapping: 0.060000 ms MarkObjects: 1.754800 ms  DeleteObjects: 0.058900 ms)

========================================================================
Received Import Request.
  Time since last request: 42.211020 seconds.
  path: Assets/Scripts/Server.cs
  artifactKey: Guid(8b52a8cf09e231b44b07d72e7e5e9b8b) Importer(815301076,1909f56bfc062723c751e8b465ee728b)
Start importing Assets/Scripts/Server.cs using Guid(8b52a8cf09e231b44b07d72e7e5e9b8b) Importer(815301076,1909f56bfc062723c751e8b465ee728b)  -> (artifact id: 'b4bd8c37607e3ba161e2006180f6689d') in 0.005393 seconds
  Import took 0.009660 seconds .

========================================================================
Received Prepare
Registering precompiled user dll's ...
Registered in 0.004670 seconds.
Begin MonoManager ReloadAssembly
Native extension for WindowsStandalone target not found
Refreshing native plugins compatible for Editor in 0.41 ms, found 2 plugins.
Preloading 0 native plugins for Editor in 0.00 ms.
Mono: successfully reloaded assembly
- Completed reload, in  1.211 seconds
Platform modules already initialized, skipping
Refreshing native plugins compatible for Editor in 0.42 ms, found 2 plugins.
Preloading 0 native plugins for Editor in 0.00 ms.
Unloading 1382 Unused Serialized files (Serialized files now loaded: 0)
System memory in use before: 64.7 MB.
System memory in use after: 64.8 MB.

Unloading 14 unused Assets to reduce memory usage. Loaded Objects now: 1830.
Total: 2.090500 ms (FindLiveObjects: 0.145000 ms CreateObjectMapping: 0.056600 ms MarkObjects: 1.814000 ms  DeleteObjects: 0.073600 ms)

========================================================================
Received Prepare
Registering precompiled user dll's ...
Registered in 0.007814 seconds.
Begin MonoManager ReloadAssembly
Native extension for WindowsStandalone target not found
Refreshing native plugins compatible for Editor in 0.48 ms, found 2 plugins.
Preloading 0 native plugins for Editor in 0.00 ms.
Mono: successfully reloaded assembly
- Completed reload, in  1.764 seconds
Platform modules already initialized, skipping
Refreshing native plugins compatible for Editor in 0.49 ms, found 2 plugins.
Preloading 0 native plugins for Editor in 0.00 ms.
Unloading 1382 Unused Serialized files (Serialized files now loaded: 0)
System memory in use before: 64.7 MB.
System memory in use after: 64.8 MB.

Unloading 14 unused Assets to reduce memory usage. Loaded Objects now: 1833.
Total: 3.007700 ms (FindLiveObjects: 0.162800 ms CreateObjectMapping: 0.058700 ms MarkObjects: 2.721300 ms  DeleteObjects: 0.062800 ms)

========================================================================
Received Prepare
Registering precompiled user dll's ...
Registered in 0.007052 seconds.
Begin MonoManager ReloadAssembly
Native extension for WindowsStandalone target not found
Refreshing native plugins compatible for Editor in 0.56 ms, found 2 plugins.
Preloading 0 native plugins for Editor in 0.00 ms.
Mono: successfully reloaded assembly
- Completed reload, in  1.559 seconds
Platform modules already initialized, skipping
Refreshing native plugins compatible for Editor in 0.43 ms, found 2 plugins.
Preloading 0 native plugins for Editor in 0.00 ms.
Unloading 1382 Unused Serialized files (Serialized files now loaded: 0)
System memory in use before: 64.7 MB.
System memory in use after: 64.8 MB.

Unloading 14 unused Assets to reduce memory usage. Loaded Objects now: 1836.
Total: 2.552300 ms (FindLiveObjects: 0.157400 ms CreateObjectMapping: 0.057400 ms MarkObjects: 2.267700 ms  DeleteObjects: 0.067900 ms)

========================================================================
Received Prepare
Registering precompiled user dll's ...
Registered in 0.006614 seconds.
Begin MonoManager ReloadAssembly
Native extension for WindowsStandalone target not found
Refreshing native plugins compatible for Editor in 0.48 ms, found 2 plugins.
Preloading 0 native plugins for Editor in 0.00 ms.
Mono: successfully reloaded assembly
- Completed reload, in  1.317 seconds
Platform modules already initialized, skipping
Refreshing native plugins compatible for Editor in 0.47 ms, found 2 plugins.
Preloading 0 native plugins for Editor in 0.00 ms.
Unloading 1382 Unused Serialized files (Serialized files now loaded: 0)
System memory in use before: 64.7 MB.
System memory in use after: 64.8 MB.

Unloading 14 unused Assets to reduce memory usage. Loaded Objects now: 1839.
Total: 2.140700 ms (FindLiveObjects: 0.161000 ms CreateObjectMapping: 0.060400 ms MarkObjects: 1.854000 ms  DeleteObjects: 0.063600 ms)

========================================================================
Received Import Request.
  Time since last request: 263.017816 seconds.
  path: Assets/Scripts/Server.cs
  artifactKey: Guid(8b52a8cf09e231b44b07d72e7e5e9b8b) Importer(815301076,1909f56bfc062723c751e8b465ee728b)
Start importing Assets/Scripts/Server.cs using Guid(8b52a8cf09e231b44b07d72e7e5e9b8b) Importer(815301076,1909f56bfc062723c751e8b465ee728b)  -> (artifact id: '83ba37f53830382f957e91da5049b69d') in 0.005066 seconds
  Import took 0.008098 seconds .

========================================================================
Received Prepare
Registering precompiled user dll's ...
Registered in 0.006007 seconds.
Begin MonoManager ReloadAssembly
Native extension for WindowsStandalone target not found
Refreshing native plugins compatible for Editor in 0.62 ms, found 2 plugins.
Preloading 0 native plugins for Editor in 0.00 ms.
Mono: successfully reloaded assembly
- Completed reload, in  1.720 seconds
Platform modules already initialized, skipping
Refreshing native plugins compatible for Editor in 0.62 ms, found 2 plugins.
Preloading 0 native plugins for Editor in 0.00 ms.
Unloading 1382 Unused Serialized files (Serialized files now loaded: 0)
System memory in use before: 64.7 MB.
System memory in use after: 64.8 MB.

Unloading 14 unused Assets to reduce memory usage. Loaded Objects now: 1842.
Total: 2.690400 ms (FindLiveObjects: 0.260900 ms CreateObjectMapping: 0.057700 ms MarkObjects: 2.308100 ms  DeleteObjects: 0.061900 ms)

========================================================================
Received Prepare
Registering precompiled user dll's ...
Registered in 0.004935 seconds.
Begin MonoManager ReloadAssembly
Native extension for WindowsStandalone target not found
Refreshing native plugins compatible for Editor in 0.43 ms, found 2 plugins.
Preloading 0 native plugins for Editor in 0.00 ms.
Mono: successfully reloaded assembly
- Completed reload, in  1.249 seconds
Platform modules already initialized, skipping
Refreshing native plugins compatible for Editor in 0.41 ms, found 2 plugins.
Preloading 0 native plugins for Editor in 0.00 ms.
Unloading 1382 Unused Serialized files (Serialized files now loaded: 0)
System memory in use before: 64.7 MB.
System memory in use after: 64.8 MB.

Unloading 14 unused Assets to reduce memory usage. Loaded Objects now: 1845.
Total: 2.144500 ms (FindLiveObjects: 0.142600 ms CreateObjectMapping: 0.056200 ms MarkObjects: 1.886100 ms  DeleteObjects: 0.058300 ms)

========================================================================
Received Import Request.
  Time since last request: 128.644596 seconds.
  path: Assets/Scripts/Server.cs
  artifactKey: Guid(8b52a8cf09e231b44b07d72e7e5e9b8b) Importer(815301076,1909f56bfc062723c751e8b465ee728b)
Start importing Assets/Scripts/Server.cs using Guid(8b52a8cf09e231b44b07d72e7e5e9b8b) Importer(815301076,1909f56bfc062723c751e8b465ee728b)  -> (artifact id: '3b3bf9ab19704514e488536756485077') in 0.005016 seconds
  Import took 0.007489 seconds .

========================================================================
Received Prepare
Registering precompiled user dll's ...
Registered in 0.004890 seconds.
Begin MonoManager ReloadAssembly
Native extension for WindowsStandalone target not found
Refreshing native plugins compatible for Editor in 0.44 ms, found 2 plugins.
Preloading 0 native plugins for Editor in 0.00 ms.
Mono: successfully reloaded assembly
- Completed reload, in  1.233 seconds
Platform modules already initialized, skipping
Refreshing native plugins compatible for Editor in 0.41 ms, found 2 plugins.
Preloading 0 native plugins for Editor in 0.00 ms.
Unloading 1382 Unused Serialized files (Serialized files now loaded: 0)
System memory in use before: 64.7 MB.
System memory in use after: 64.8 MB.

Unloading 14 unused Assets to reduce memory usage. Loaded Objects now: 1848.
Total: 2.227000 ms (FindLiveObjects: 0.147400 ms CreateObjectMapping: 0.054800 ms MarkObjects: 1.959600 ms  DeleteObjects: 0.063800 ms)

========================================================================
Received Import Request.
  Time since last request: 107.975279 seconds.
  path: Assets/Scripts/Server.cs
  artifactKey: Guid(8b52a8cf09e231b44b07d72e7e5e9b8b) Importer(815301076,1909f56bfc062723c751e8b465ee728b)
Start importing Assets/Scripts/Server.cs using Guid(8b52a8cf09e231b44b07d72e7e5e9b8b) Importer(815301076,1909f56bfc062723c751e8b465ee728b)  -> (artifact id: '62982c032342646d3866f54327a9026a') in 0.004754 seconds
  Import took 0.007247 seconds .

========================================================================
Received Import Request.
  Time since last request: 3.006807 seconds.
  path: Assets/Scripts/Server.cs
  artifactKey: Guid(8b52a8cf09e231b44b07d72e7e5e9b8b) Importer(815301076,1909f56bfc062723c751e8b465ee728b)
Start importing Assets/Scripts/Server.cs using Guid(8b52a8cf09e231b44b07d72e7e5e9b8b) Importer(815301076,1909f56bfc062723c751e8b465ee728b)  -> (artifact id: '62982c032342646d3866f54327a9026a') in 0.002849 seconds
  Import took 0.005960 seconds .

========================================================================
Received Prepare
Registering precompiled user dll's ...
Registered in 0.004900 seconds.
Begin MonoManager ReloadAssembly
Native extension for WindowsStandalone target not found
Refreshing native plugins compatible for Editor in 0.51 ms, found 2 plugins.
Preloading 0 native plugins for Editor in 0.00 ms.
Mono: successfully reloaded assembly
- Completed reload, in  1.268 seconds
Platform modules already initialized, skipping
Refreshing native plugins compatible for Editor in 0.52 ms, found 2 plugins.
Preloading 0 native plugins for Editor in 0.00 ms.
Unloading 1382 Unused Serialized files (Serialized files now loaded: 0)
System memory in use before: 64.7 MB.
System memory in use after: 64.8 MB.

Unloading 14 unused Assets to reduce memory usage. Loaded Objects now: 1851.
Total: 2.301200 ms (FindLiveObjects: 0.164500 ms CreateObjectMapping: 0.093400 ms MarkObjects: 1.971700 ms  DeleteObjects: 0.069700 ms)

========================================================================
Received Import Request.
  Time since last request: 342.728600 seconds.
  path: Assets/Scripts/Server.cs
  artifactKey: Guid(8b52a8cf09e231b44b07d72e7e5e9b8b) Importer(815301076,1909f56bfc062723c751e8b465ee728b)
Start importing Assets/Scripts/Server.cs using Guid(8b52a8cf09e231b44b07d72e7e5e9b8b) Importer(815301076,1909f56bfc062723c751e8b465ee728b)  -> (artifact id: '59f901313844b92b0677c2c1ed9dce53') in 0.005755 seconds
  Import took 0.008400 seconds .

========================================================================
Received Prepare
Registering precompiled user dll's ...
Registered in 0.007567 seconds.
Begin MonoManager ReloadAssembly
Native extension for WindowsStandalone target not found
Refreshing native plugins compatible for Editor in 0.51 ms, found 2 plugins.
Preloading 0 native plugins for Editor in 0.00 ms.
Mono: successfully reloaded assembly
- Completed reload, in  1.591 seconds
Platform modules already initialized, skipping
Refreshing native plugins compatible for Editor in 0.56 ms, found 2 plugins.
Preloading 0 native plugins for Editor in 0.00 ms.
Unloading 1382 Unused Serialized files (Serialized files now loaded: 0)
System memory in use before: 64.7 MB.
System memory in use after: 64.8 MB.

Unloading 14 unused Assets to reduce memory usage. Loaded Objects now: 1854.
Total: 2.257600 ms (FindLiveObjects: 0.157600 ms CreateObjectMapping: 0.061300 ms MarkObjects: 1.976200 ms  DeleteObjects: 0.060700 ms)

========================================================================
Received Prepare
Registering precompiled user dll's ...
Registered in 0.006340 seconds.
Begin MonoManager ReloadAssembly
Native extension for WindowsStandalone target not found
Refreshing native plugins compatible for Editor in 0.44 ms, found 2 plugins.
Preloading 0 native plugins for Editor in 0.00 ms.
Mono: successfully reloaded assembly
- Completed reload, in  1.758 seconds
Platform modules already initialized, skipping
Refreshing native plugins compatible for Editor in 0.47 ms, found 2 plugins.
Preloading 0 native plugins for Editor in 0.00 ms.
Unloading 1382 Unused Serialized files (Serialized files now loaded: 0)
System memory in use before: 64.7 MB.
System memory in use after: 64.8 MB.

Unloading 14 unused Assets to reduce memory usage. Loaded Objects now: 1857.
Total: 3.185300 ms (FindLiveObjects: 0.394000 ms CreateObjectMapping: 0.064300 ms MarkObjects: 2.634900 ms  DeleteObjects: 0.089700 ms)

