Using pre-set license
Built from '2020.3/staging' branch; Version is '2020.3.10f1 (297d780c91bc) revision 2719096'; Using compiler version '192528614'; Build Type 'Release'
OS: 'Windows 10 Enterprise LTSC 2019; OS build 17763.3287; Version 1809; 64bit' Language: 'ru' Physical Memory: 8130 MB
BatchMode: 1, IsHumanControllingUs: 0, StartBugReporterOnCrash: 0, Is64bit: 1, IsPro: 0

 COMMAND LINE ARGUMENTS:
C:\Program Files\Unity\Hub\Editor\2020.3.10f1\Editor\Unity.exe
-adb2
-batchMode
-noUpm
-name
AssetImportWorker0
-projectPath
D:/temp/virt/GitHub/ChatClient
-logFile
Logs/AssetImportWorker0.log
-srvPort
51564
Successfully changed project path to: D:/temp/virt/GitHub/ChatClient
D:/temp/virt/GitHub/ChatClient
Using Asset Import Pipeline V2.
Refreshing native plugins compatible for Editor in 55.47 ms, found 2 plugins.
Preloading 0 native plugins for Editor in 0.00 ms.
Initialize engine version: 2020.3.10f1 (297d780c91bc)
[Subsystems] Discovering subsystems at path C:/Program Files/Unity/Hub/Editor/2020.3.10f1/Editor/Data/Resources/UnitySubsystems
[Subsystems] Discovering subsystems at path D:/temp/virt/GitHub/ChatClient/Assets
GfxDevice: creating device client; threaded=0
Direct3D:
    Version:  Direct3D 11.0 [level 11.1]
    Renderer: AMD Radeon R7 200 Series (ID=0x6658)
    Vendor:   
    VRAM:     1000 MB
    Driver:   27.20.15003.1004
Initialize mono
Mono path[0] = 'C:/Program Files/Unity/Hub/Editor/2020.3.10f1/Editor/Data/Managed'
Mono path[1] = 'C:/Program Files/Unity/Hub/Editor/2020.3.10f1/Editor/Data/MonoBleedingEdge/lib/mono/unityjit'
Mono config path = 'C:/Program Files/Unity/Hub/Editor/2020.3.10f1/Editor/Data/MonoBleedingEdge/etc'
Using monoOptions --debugger-agent=transport=dt_socket,embedding=1,server=y,suspend=n,address=127.0.0.1:56760
Begin MonoManager ReloadAssembly
Registering precompiled unity dll's ...
Register platform support module: C:/Program Files/Unity/Hub/Editor/2020.3.10f1/Editor/Data/PlaybackEngines/WindowsStandaloneSupport/UnityEditor.WindowsStandalone.Extensions.dll
Registered in 0.001476 seconds.
Native extension for WindowsStandalone target not found
Refreshing native plugins compatible for Editor in 27.60 ms, found 2 plugins.
Preloading 0 native plugins for Editor in 0.00 ms.
Mono: successfully reloaded assembly
- Completed reload, in  1.206 seconds
Platform modules already initialized, skipping
Registering precompiled user dll's ...
Registered in 0.002177 seconds.
Begin MonoManager ReloadAssembly
Native extension for WindowsStandalone target not found
Refreshing native plugins compatible for Editor in 0.31 ms, found 2 plugins.
Preloading 0 native plugins for Editor in 0.00 ms.
Mono: successfully reloaded assembly
- Completed reload, in  1.132 seconds
Platform modules already initialized, skipping
========================================================================
Worker process is ready to serve import requests
Launched and connected shader compiler UnityShaderCompiler.exe after 0.11 seconds
Refreshing native plugins compatible for Editor in 0.29 ms, found 2 plugins.
Preloading 0 native plugins for Editor in 0.00 ms.
Unloading 1386 Unused Serialized files (Serialized files now loaded: 0)
System memory in use before: 64.7 MB.
System memory in use after: 64.7 MB.

Unloading 19 unused Assets to reduce memory usage. Loaded Objects now: 1819.
Total: 2.197300 ms (FindLiveObjects: 0.160300 ms CreateObjectMapping: 0.042600 ms MarkObjects: 1.908300 ms  DeleteObjects: 0.085000 ms)

========================================================================
Received Import Request.
  path: Assets/Scripts
  artifactKey: Guid(e67741ccc050e6f4590c77908a8ff0a7) Importer(815301076,1909f56bfc062723c751e8b465ee728b)
Start importing Assets/Scripts using Guid(e67741ccc050e6f4590c77908a8ff0a7) Importer(815301076,1909f56bfc062723c751e8b465ee728b)  -> (artifact id: '3b3af37e0f7335891a6f1aa966b3ff1e') in 0.021800 seconds
  Import took 0.040951 seconds .

========================================================================
Received Import Request.
  Time since last request: 19.808289 seconds.
  path: Assets/Prefab
  artifactKey: Guid(76db37cc6c286104dbee9828e3d323cc) Importer(815301076,1909f56bfc062723c751e8b465ee728b)
Start importing Assets/Prefab using Guid(76db37cc6c286104dbee9828e3d323cc) Importer(815301076,1909f56bfc062723c751e8b465ee728b)  -> (artifact id: '694c191c8029bb0f6aa970450105129b') in 0.002075 seconds
  Import took 0.053033 seconds .

========================================================================
Received Import Request.
  Time since last request: 13.077910 seconds.
  path: Assets/Scripts/UIController.cs
  artifactKey: Guid(baf2d76af065ac84ab4132d5eb099221) Importer(815301076,1909f56bfc062723c751e8b465ee728b)
Start importing Assets/Scripts/UIController.cs using Guid(baf2d76af065ac84ab4132d5eb099221) Importer(815301076,1909f56bfc062723c751e8b465ee728b)  -> (artifact id: 'f785d4b52b8eee41604079302046f25b') in 0.158126 seconds
  Import took 0.183383 seconds .

========================================================================
Received Import Request.
  Time since last request: 0.111422 seconds.
  path: Assets/Scripts/UIController.cs
  artifactKey: Guid(baf2d76af065ac84ab4132d5eb099221) Importer(815301076,1909f56bfc062723c751e8b465ee728b)
Start importing Assets/Scripts/UIController.cs using Guid(baf2d76af065ac84ab4132d5eb099221) Importer(815301076,1909f56bfc062723c751e8b465ee728b)  -> (artifact id: 'f785d4b52b8eee41604079302046f25b') in 0.001969 seconds
  Import took 0.005997 seconds .

========================================================================
Received Import Request.
  Time since last request: 22.913548 seconds.
  path: Assets/Prefab/UIController.prefab
  artifactKey: Guid(7e5fc48910addee4bb96aeea41b6a6a7) Importer(815301076,1909f56bfc062723c751e8b465ee728b)
Start importing Assets/Prefab/UIController.prefab using Guid(7e5fc48910addee4bb96aeea41b6a6a7) Importer(815301076,1909f56bfc062723c751e8b465ee728b)  -> (artifact id: '763550ee5fd994172ccaf35c1c7fa4d9') in 0.224400 seconds
  Import took 0.566181 seconds .

========================================================================
Received Import Request.
  Time since last request: 114.439459 seconds.
  path: Assets/Scripts/UIController.cs
  artifactKey: Guid(baf2d76af065ac84ab4132d5eb099221) Importer(815301076,1909f56bfc062723c751e8b465ee728b)
Start importing Assets/Scripts/UIController.cs using Guid(baf2d76af065ac84ab4132d5eb099221) Importer(815301076,1909f56bfc062723c751e8b465ee728b)  -> (artifact id: 'c192419510c9ba3e4596eac1cde25528') in 0.002310 seconds
  Import took 0.004883 seconds .

========================================================================
Received Import Request.
  Time since last request: 0.003661 seconds.
  path: Assets/Scripts/UIController.cs
  artifactKey: Guid(baf2d76af065ac84ab4132d5eb099221) Importer(815301076,1909f56bfc062723c751e8b465ee728b)
Start importing Assets/Scripts/UIController.cs using Guid(baf2d76af065ac84ab4132d5eb099221) Importer(815301076,1909f56bfc062723c751e8b465ee728b)  -> (artifact id: 'c192419510c9ba3e4596eac1cde25528') in 0.001903 seconds
  Import took 0.004751 seconds .

========================================================================
Received Prepare
Registering precompiled user dll's ...
Registered in 0.002136 seconds.
Begin MonoManager ReloadAssembly
Native extension for WindowsStandalone target not found
Refreshing native plugins compatible for Editor in 0.33 ms, found 2 plugins.
Preloading 0 native plugins for Editor in 0.00 ms.
Mono: successfully reloaded assembly
- Completed reload, in  1.256 seconds
Platform modules already initialized, skipping
Refreshing native plugins compatible for Editor in 0.31 ms, found 2 plugins.
Preloading 0 native plugins for Editor in 0.00 ms.
Unloading 1431 Unused Serialized files (Serialized files now loaded: 0)
System memory in use before: 67.6 MB.
System memory in use after: 67.0 MB.

Unloading 30 unused Assets to reduce memory usage. Loaded Objects now: 1859.
Total: 19.838900 ms (FindLiveObjects: 0.162600 ms CreateObjectMapping: 0.042200 ms MarkObjects: 1.859500 ms  DeleteObjects: 17.773600 ms)

========================================================================
Received Prepare
Registering precompiled user dll's ...
Registered in 0.002133 seconds.
Begin MonoManager ReloadAssembly
Native extension for WindowsStandalone target not found
Refreshing native plugins compatible for Editor in 0.36 ms, found 2 plugins.
Preloading 0 native plugins for Editor in 0.00 ms.
Mono: successfully reloaded assembly
- Completed reload, in  1.141 seconds
Platform modules already initialized, skipping
Refreshing native plugins compatible for Editor in 0.32 ms, found 2 plugins.
Preloading 0 native plugins for Editor in 0.00 ms.
Unloading 1431 Unused Serialized files (Serialized files now loaded: 0)
System memory in use before: 67.6 MB.
System memory in use after: 67.0 MB.

Unloading 27 unused Assets to reduce memory usage. Loaded Objects now: 1862.
Total: 2.646500 ms (FindLiveObjects: 0.283200 ms CreateObjectMapping: 0.104200 ms MarkObjects: 1.913000 ms  DeleteObjects: 0.344800 ms)

========================================================================
Received Prepare
Registering precompiled user dll's ...
Registered in 0.004319 seconds.
Begin MonoManager ReloadAssembly
Native extension for WindowsStandalone target not found
Refreshing native plugins compatible for Editor in 0.32 ms, found 2 plugins.
Preloading 0 native plugins for Editor in 0.00 ms.
Mono: successfully reloaded assembly
- Completed reload, in  1.101 seconds
Platform modules already initialized, skipping
Refreshing native plugins compatible for Editor in 0.32 ms, found 2 plugins.
Preloading 0 native plugins for Editor in 0.00 ms.
Unloading 1431 Unused Serialized files (Serialized files now loaded: 0)
System memory in use before: 67.6 MB.
System memory in use after: 67.1 MB.

Unloading 27 unused Assets to reduce memory usage. Loaded Objects now: 1865.
Total: 2.308500 ms (FindLiveObjects: 0.161400 ms CreateObjectMapping: 0.054700 ms MarkObjects: 1.691400 ms  DeleteObjects: 0.399900 ms)

========================================================================
Received Prepare
Registering precompiled user dll's ...
Registered in 0.002168 seconds.
Begin MonoManager ReloadAssembly
Native extension for WindowsStandalone target not found
Refreshing native plugins compatible for Editor in 0.58 ms, found 2 plugins.
Preloading 0 native plugins for Editor in 0.00 ms.
Mono: successfully reloaded assembly
- Completed reload, in  1.150 seconds
Platform modules already initialized, skipping
Refreshing native plugins compatible for Editor in 0.31 ms, found 2 plugins.
Preloading 0 native plugins for Editor in 0.00 ms.
Unloading 1431 Unused Serialized files (Serialized files now loaded: 0)
System memory in use before: 67.7 MB.
System memory in use after: 67.1 MB.

Unloading 27 unused Assets to reduce memory usage. Loaded Objects now: 1868.
Total: 2.478400 ms (FindLiveObjects: 0.160600 ms CreateObjectMapping: 0.046700 ms MarkObjects: 1.900900 ms  DeleteObjects: 0.368900 ms)

========================================================================
Received Prepare
Registering precompiled user dll's ...
Registered in 0.002982 seconds.
Begin MonoManager ReloadAssembly
Native extension for WindowsStandalone target not found
Refreshing native plugins compatible for Editor in 0.51 ms, found 2 plugins.
Preloading 0 native plugins for Editor in 0.00 ms.
Mono: successfully reloaded assembly
- Completed reload, in  1.463 seconds
Platform modules already initialized, skipping
Refreshing native plugins compatible for Editor in 0.60 ms, found 2 plugins.
Preloading 0 native plugins for Editor in 0.00 ms.
Unloading 1431 Unused Serialized files (Serialized files now loaded: 0)
System memory in use before: 67.7 MB.
System memory in use after: 67.1 MB.

Unloading 27 unused Assets to reduce memory usage. Loaded Objects now: 1871.
Total: 3.690200 ms (FindLiveObjects: 0.240800 ms CreateObjectMapping: 0.089500 ms MarkObjects: 2.966200 ms  DeleteObjects: 0.391800 ms)

========================================================================
Received Prepare
Registering precompiled user dll's ...
Registered in 0.572626 seconds.
Begin MonoManager ReloadAssembly
Native extension for WindowsStandalone target not found
Refreshing native plugins compatible for Editor in 0.33 ms, found 2 plugins.
Preloading 0 native plugins for Editor in 0.00 ms.
Mono: successfully reloaded assembly
- Completed reload, in  0.980 seconds
Platform modules already initialized, skipping
Refreshing native plugins compatible for Editor in 0.33 ms, found 2 plugins.
Preloading 0 native plugins for Editor in 0.00 ms.
Unloading 1432 Unused Serialized files (Serialized files now loaded: 0)
System memory in use before: 67.7 MB.
System memory in use after: 67.1 MB.

Unloading 27 unused Assets to reduce memory usage. Loaded Objects now: 1875.
Total: 2.477600 ms (FindLiveObjects: 0.227900 ms CreateObjectMapping: 0.069900 ms MarkObjects: 1.834100 ms  DeleteObjects: 0.344700 ms)

========================================================================
Received Prepare
Registering precompiled user dll's ...
Registered in 0.002130 seconds.
Begin MonoManager ReloadAssembly
Native extension for WindowsStandalone target not found
Refreshing native plugins compatible for Editor in 0.35 ms, found 2 plugins.
Preloading 0 native plugins for Editor in 0.00 ms.
Mono: successfully reloaded assembly
- Completed reload, in  1.275 seconds
Platform modules already initialized, skipping
Refreshing native plugins compatible for Editor in 0.32 ms, found 2 plugins.
Preloading 0 native plugins for Editor in 0.00 ms.
Unloading 1432 Unused Serialized files (Serialized files now loaded: 0)
System memory in use before: 67.7 MB.
System memory in use after: 67.1 MB.

Unloading 27 unused Assets to reduce memory usage. Loaded Objects now: 1878.
Total: 2.357300 ms (FindLiveObjects: 0.168200 ms CreateObjectMapping: 0.048500 ms MarkObjects: 1.804300 ms  DeleteObjects: 0.335500 ms)

========================================================================
Received Prepare
Registering precompiled user dll's ...
Registered in 0.003337 seconds.
Begin MonoManager ReloadAssembly
Native extension for WindowsStandalone target not found
Refreshing native plugins compatible for Editor in 0.34 ms, found 2 plugins.
Preloading 0 native plugins for Editor in 0.00 ms.
Mono: successfully reloaded assembly
- Completed reload, in  1.214 seconds
Platform modules already initialized, skipping
Refreshing native plugins compatible for Editor in 0.31 ms, found 2 plugins.
Preloading 0 native plugins for Editor in 0.00 ms.
Unloading 1432 Unused Serialized files (Serialized files now loaded: 0)
System memory in use before: 67.7 MB.
System memory in use after: 67.1 MB.

Unloading 27 unused Assets to reduce memory usage. Loaded Objects now: 1881.
Total: 2.278400 ms (FindLiveObjects: 0.167900 ms CreateObjectMapping: 0.053900 ms MarkObjects: 1.709600 ms  DeleteObjects: 0.346000 ms)

========================================================================
Received Prepare
Registering precompiled user dll's ...
Registered in 0.002498 seconds.
Begin MonoManager ReloadAssembly
Native extension for WindowsStandalone target not found
Refreshing native plugins compatible for Editor in 0.37 ms, found 2 plugins.
Preloading 0 native plugins for Editor in 0.00 ms.
Mono: successfully reloaded assembly
- Completed reload, in  1.142 seconds
Platform modules already initialized, skipping
Refreshing native plugins compatible for Editor in 0.32 ms, found 2 plugins.
Preloading 0 native plugins for Editor in 0.00 ms.
Unloading 1432 Unused Serialized files (Serialized files now loaded: 0)
System memory in use before: 67.7 MB.
System memory in use after: 67.1 MB.

Unloading 27 unused Assets to reduce memory usage. Loaded Objects now: 1884.
Total: 2.396900 ms (FindLiveObjects: 0.171200 ms CreateObjectMapping: 0.044800 ms MarkObjects: 1.838000 ms  DeleteObjects: 0.341700 ms)

========================================================================
Received Import Request.
  Time since last request: 815.988537 seconds.
  path: Assets/Scenes/SampleScene.unity
  artifactKey: Guid(9fc0d4010bbf28b4594072e72b8655ab) Importer(815301076,1909f56bfc062723c751e8b465ee728b)
Start importing Assets/Scenes/SampleScene.unity using Guid(9fc0d4010bbf28b4594072e72b8655ab) Importer(815301076,1909f56bfc062723c751e8b465ee728b)  -> (artifact id: '9022bca10eac646b048d2e4ab044b6d8') in 0.014927 seconds
  Import took 0.017966 seconds .

========================================================================
Received Import Request.
  Time since last request: 15.552381 seconds.
  path: Assets/Prefab/UIController.prefab
  artifactKey: Guid(7e5fc48910addee4bb96aeea41b6a6a7) Importer(815301076,1909f56bfc062723c751e8b465ee728b)
Start importing Assets/Prefab/UIController.prefab using Guid(7e5fc48910addee4bb96aeea41b6a6a7) Importer(815301076,1909f56bfc062723c751e8b465ee728b)  -> (artifact id: '6b137a0cb1696f7bb7e4882fa9166dba') in 0.112015 seconds
  Import took 0.114868 seconds .

========================================================================
Received Prepare
Registering precompiled user dll's ...
Registered in 0.002244 seconds.
Begin MonoManager ReloadAssembly
Native extension for WindowsStandalone target not found
Refreshing native plugins compatible for Editor in 0.33 ms, found 2 plugins.
Preloading 0 native plugins for Editor in 0.00 ms.
Mono: successfully reloaded assembly
- Completed reload, in  0.995 seconds
Platform modules already initialized, skipping
Refreshing native plugins compatible for Editor in 0.34 ms, found 2 plugins.
Preloading 0 native plugins for Editor in 0.00 ms.
Unloading 1432 Unused Serialized files (Serialized files now loaded: 0)
System memory in use before: 67.7 MB.
System memory in use after: 67.2 MB.

Unloading 30 unused Assets to reduce memory usage. Loaded Objects now: 1887.
Total: 2.195400 ms (FindLiveObjects: 0.164600 ms CreateObjectMapping: 0.065600 ms MarkObjects: 1.611900 ms  DeleteObjects: 0.352300 ms)

========================================================================
Received Prepare
Registering precompiled user dll's ...
Registered in 0.006409 seconds.
Begin MonoManager ReloadAssembly
Native extension for WindowsStandalone target not found
Refreshing native plugins compatible for Editor in 0.35 ms, found 2 plugins.
Preloading 0 native plugins for Editor in 0.00 ms.
Mono: successfully reloaded assembly
- Completed reload, in  1.230 seconds
Platform modules already initialized, skipping
Refreshing native plugins compatible for Editor in 0.31 ms, found 2 plugins.
Preloading 0 native plugins for Editor in 0.00 ms.
Unloading 1431 Unused Serialized files (Serialized files now loaded: 0)
System memory in use before: 67.7 MB.
System memory in use after: 67.1 MB.

Unloading 28 unused Assets to reduce memory usage. Loaded Objects now: 1889.
Total: 2.181400 ms (FindLiveObjects: 0.173000 ms CreateObjectMapping: 0.056600 ms MarkObjects: 1.609200 ms  DeleteObjects: 0.341400 ms)

========================================================================
Received Prepare
Registering precompiled user dll's ...
Registered in 0.002491 seconds.
Begin MonoManager ReloadAssembly
Native extension for WindowsStandalone target not found
Refreshing native plugins compatible for Editor in 0.40 ms, found 2 plugins.
Preloading 0 native plugins for Editor in 0.00 ms.
Mono: successfully reloaded assembly
- Completed reload, in  1.477 seconds
Platform modules already initialized, skipping
Refreshing native plugins compatible for Editor in 0.31 ms, found 2 plugins.
Preloading 0 native plugins for Editor in 0.00 ms.
Unloading 1432 Unused Serialized files (Serialized files now loaded: 0)
System memory in use before: 67.7 MB.
System memory in use after: 67.2 MB.

Unloading 27 unused Assets to reduce memory usage. Loaded Objects now: 1893.
Total: 2.155500 ms (FindLiveObjects: 0.161600 ms CreateObjectMapping: 0.052900 ms MarkObjects: 1.600500 ms  DeleteObjects: 0.339600 ms)

========================================================================
Received Import Request.
  Time since last request: 102.841192 seconds.
  path: Assets/Prefab/UIController.prefab
  artifactKey: Guid(7e5fc48910addee4bb96aeea41b6a6a7) Importer(815301076,1909f56bfc062723c751e8b465ee728b)
Start importing Assets/Prefab/UIController.prefab using Guid(7e5fc48910addee4bb96aeea41b6a6a7) Importer(815301076,1909f56bfc062723c751e8b465ee728b)  -> (artifact id: 'abf75e61d0287b1f4375f5ed7414b6dd') in 0.121198 seconds
  Import took 0.124462 seconds .

========================================================================
Received Import Request.
  Time since last request: 8.650120 seconds.
  path: Assets/Prefab/UIController.prefab
  artifactKey: Guid(7e5fc48910addee4bb96aeea41b6a6a7) Importer(815301076,1909f56bfc062723c751e8b465ee728b)
Start importing Assets/Prefab/UIController.prefab using Guid(7e5fc48910addee4bb96aeea41b6a6a7) Importer(815301076,1909f56bfc062723c751e8b465ee728b)  -> (artifact id: '1ffc20ac9807f0d43c967fda2002d2ec') in 0.042868 seconds
  Import took 0.062637 seconds .

========================================================================
Received Import Request.
  Time since last request: 4.131247 seconds.
  path: Assets/Prefab/UIController.prefab
  artifactKey: Guid(7e5fc48910addee4bb96aeea41b6a6a7) Importer(815301076,1909f56bfc062723c751e8b465ee728b)
Start importing Assets/Prefab/UIController.prefab using Guid(7e5fc48910addee4bb96aeea41b6a6a7) Importer(815301076,1909f56bfc062723c751e8b465ee728b)  -> (artifact id: '78516ad9ba01d9ba3e3afc1f08b7309f') in 0.037423 seconds
  Import took 0.040445 seconds .

========================================================================
Received Import Request.
  Time since last request: 9.311263 seconds.
  path: Assets/Prefab/UIController.prefab
  artifactKey: Guid(7e5fc48910addee4bb96aeea41b6a6a7) Importer(815301076,1909f56bfc062723c751e8b465ee728b)
Start importing Assets/Prefab/UIController.prefab using Guid(7e5fc48910addee4bb96aeea41b6a6a7) Importer(815301076,1909f56bfc062723c751e8b465ee728b)  -> (artifact id: '14e892fd0228a48415d1a15bedf64c68') in 0.031105 seconds
  Import took 0.033878 seconds .

========================================================================
Received Import Request.
  Time since last request: 2.886957 seconds.
  path: Assets/Prefab/UIController.prefab
  artifactKey: Guid(7e5fc48910addee4bb96aeea41b6a6a7) Importer(815301076,1909f56bfc062723c751e8b465ee728b)
Start importing Assets/Prefab/UIController.prefab using Guid(7e5fc48910addee4bb96aeea41b6a6a7) Importer(815301076,1909f56bfc062723c751e8b465ee728b)  -> (artifact id: '2aef6b12746aa4456990dbfb0b314b0c') in 0.032187 seconds
  Import took 0.035717 seconds .

========================================================================
Received Import Request.
  Time since last request: 2.255837 seconds.
  path: Assets/Prefab/UIController.prefab
  artifactKey: Guid(7e5fc48910addee4bb96aeea41b6a6a7) Importer(815301076,1909f56bfc062723c751e8b465ee728b)
Start importing Assets/Prefab/UIController.prefab using Guid(7e5fc48910addee4bb96aeea41b6a6a7) Importer(815301076,1909f56bfc062723c751e8b465ee728b)  -> (artifact id: 'a9b2aaecb570ce6ae77ffd8eceffd382') in 0.033413 seconds
  Import took 0.036513 seconds .

========================================================================
Received Import Request.
  Time since last request: 2.908480 seconds.
  path: Assets/Prefab/UIController.prefab
  artifactKey: Guid(7e5fc48910addee4bb96aeea41b6a6a7) Importer(815301076,1909f56bfc062723c751e8b465ee728b)
Start importing Assets/Prefab/UIController.prefab using Guid(7e5fc48910addee4bb96aeea41b6a6a7) Importer(815301076,1909f56bfc062723c751e8b465ee728b)  -> (artifact id: 'bc3e58c11924fd4d7d7d0a2bcc137045') in 0.035281 seconds
  Import took 0.038514 seconds .

========================================================================
Received Import Request.
  Time since last request: 2.670913 seconds.
  path: Assets/Prefab/UIController.prefab
  artifactKey: Guid(7e5fc48910addee4bb96aeea41b6a6a7) Importer(815301076,1909f56bfc062723c751e8b465ee728b)
Start importing Assets/Prefab/UIController.prefab using Guid(7e5fc48910addee4bb96aeea41b6a6a7) Importer(815301076,1909f56bfc062723c751e8b465ee728b)  -> (artifact id: 'a10380381abcfbb40e0e8e75850036c2') in 0.036178 seconds
  Import took 0.052033 seconds .

========================================================================
Received Import Request.
  Time since last request: 3.693918 seconds.
  path: Assets/Prefab/UIController.prefab
  artifactKey: Guid(7e5fc48910addee4bb96aeea41b6a6a7) Importer(815301076,1909f56bfc062723c751e8b465ee728b)
Start importing Assets/Prefab/UIController.prefab using Guid(7e5fc48910addee4bb96aeea41b6a6a7) Importer(815301076,1909f56bfc062723c751e8b465ee728b)  -> (artifact id: 'b7c0b0e2728f2c625fc4cf3b283dcc0d') in 0.032480 seconds
  Import took 0.036154 seconds .

========================================================================
Received Prepare
Registering precompiled user dll's ...
Registered in 0.002165 seconds.
Begin MonoManager ReloadAssembly
Native extension for WindowsStandalone target not found
Refreshing native plugins compatible for Editor in 0.33 ms, found 2 plugins.
Preloading 0 native plugins for Editor in 0.00 ms.
Mono: successfully reloaded assembly
- Completed reload, in  1.370 seconds
Platform modules already initialized, skipping
Refreshing native plugins compatible for Editor in 0.31 ms, found 2 plugins.
Preloading 0 native plugins for Editor in 0.00 ms.
Unloading 1432 Unused Serialized files (Serialized files now loaded: 0)
System memory in use before: 67.8 MB.
System memory in use after: 67.2 MB.

Unloading 30 unused Assets to reduce memory usage. Loaded Objects now: 1896.
Total: 2.486600 ms (FindLiveObjects: 0.180400 ms CreateObjectMapping: 0.102300 ms MarkObjects: 1.840200 ms  DeleteObjects: 0.362600 ms)

========================================================================
Received Prepare
Registering precompiled user dll's ...
Registered in 0.002132 seconds.
Begin MonoManager ReloadAssembly
Native extension for WindowsStandalone target not found
Refreshing native plugins compatible for Editor in 0.32 ms, found 2 plugins.
Preloading 0 native plugins for Editor in 0.00 ms.
Mono: successfully reloaded assembly
- Completed reload, in  1.129 seconds
Platform modules already initialized, skipping
Refreshing native plugins compatible for Editor in 0.34 ms, found 2 plugins.
Preloading 0 native plugins for Editor in 0.00 ms.
Unloading 1432 Unused Serialized files (Serialized files now loaded: 0)
System memory in use before: 67.8 MB.
System memory in use after: 67.2 MB.

Unloading 27 unused Assets to reduce memory usage. Loaded Objects now: 1899.
Total: 2.647700 ms (FindLiveObjects: 0.176400 ms CreateObjectMapping: 0.048600 ms MarkObjects: 2.029700 ms  DeleteObjects: 0.390800 ms)

========================================================================
Received Prepare
Registering precompiled user dll's ...
Registered in 0.002927 seconds.
Begin MonoManager ReloadAssembly
Native extension for WindowsStandalone target not found
Refreshing native plugins compatible for Editor in 0.33 ms, found 2 plugins.
Preloading 0 native plugins for Editor in 0.00 ms.
Mono: successfully reloaded assembly
- Completed reload, in  1.150 seconds
Platform modules already initialized, skipping
Refreshing native plugins compatible for Editor in 0.32 ms, found 2 plugins.
Preloading 0 native plugins for Editor in 0.00 ms.
Unloading 1432 Unused Serialized files (Serialized files now loaded: 0)
System memory in use before: 67.8 MB.
System memory in use after: 67.2 MB.

Unloading 27 unused Assets to reduce memory usage. Loaded Objects now: 1902.
Total: 2.435500 ms (FindLiveObjects: 0.171900 ms CreateObjectMapping: 0.055100 ms MarkObjects: 1.837600 ms  DeleteObjects: 0.369600 ms)

========================================================================
Received Prepare
Registering precompiled user dll's ...
Registered in 0.002318 seconds.
Begin MonoManager ReloadAssembly
Native extension for WindowsStandalone target not found
Refreshing native plugins compatible for Editor in 0.33 ms, found 2 plugins.
Preloading 0 native plugins for Editor in 0.00 ms.
Mono: successfully reloaded assembly
- Completed reload, in  1.353 seconds
Platform modules already initialized, skipping
Refreshing native plugins compatible for Editor in 0.32 ms, found 2 plugins.
Preloading 0 native plugins for Editor in 0.00 ms.
Unloading 1432 Unused Serialized files (Serialized files now loaded: 0)
System memory in use before: 67.8 MB.
System memory in use after: 67.2 MB.

Unloading 27 unused Assets to reduce memory usage. Loaded Objects now: 1905.
Total: 2.436200 ms (FindLiveObjects: 0.191200 ms CreateObjectMapping: 0.062700 ms MarkObjects: 1.841200 ms  DeleteObjects: 0.340000 ms)

========================================================================
Received Prepare
Registering precompiled user dll's ...
Registered in 0.002251 seconds.
Begin MonoManager ReloadAssembly
Native extension for WindowsStandalone target not found
Refreshing native plugins compatible for Editor in 0.33 ms, found 2 plugins.
Preloading 0 native plugins for Editor in 0.00 ms.
Mono: successfully reloaded assembly
- Completed reload, in  1.147 seconds
Platform modules already initialized, skipping
Refreshing native plugins compatible for Editor in 0.31 ms, found 2 plugins.
Preloading 0 native plugins for Editor in 0.00 ms.
Unloading 1432 Unused Serialized files (Serialized files now loaded: 0)
System memory in use before: 67.8 MB.
System memory in use after: 67.2 MB.

Unloading 27 unused Assets to reduce memory usage. Loaded Objects now: 1908.
Total: 2.383500 ms (FindLiveObjects: 0.170500 ms CreateObjectMapping: 0.049700 ms MarkObjects: 1.820100 ms  DeleteObjects: 0.342200 ms)

========================================================================
Received Prepare
Registering precompiled user dll's ...
Registered in 0.002976 seconds.
Begin MonoManager ReloadAssembly
Native extension for WindowsStandalone target not found
Refreshing native plugins compatible for Editor in 0.32 ms, found 2 plugins.
Preloading 0 native plugins for Editor in 0.00 ms.
Mono: successfully reloaded assembly
- Completed reload, in  1.276 seconds
Platform modules already initialized, skipping
Refreshing native plugins compatible for Editor in 0.52 ms, found 2 plugins.
Preloading 0 native plugins for Editor in 0.00 ms.
Unloading 1432 Unused Serialized files (Serialized files now loaded: 0)
System memory in use before: 67.8 MB.
System memory in use after: 67.2 MB.

Unloading 27 unused Assets to reduce memory usage. Loaded Objects now: 1911.
Total: 2.282600 ms (FindLiveObjects: 0.189800 ms CreateObjectMapping: 0.068000 ms MarkObjects: 1.666200 ms  DeleteObjects: 0.357300 ms)

========================================================================
Received Prepare
Registering precompiled user dll's ...
Registered in 0.003913 seconds.
Begin MonoManager ReloadAssembly
Native extension for WindowsStandalone target not found
Refreshing native plugins compatible for Editor in 0.82 ms, found 2 plugins.
Preloading 0 native plugins for Editor in 0.00 ms.
Mono: successfully reloaded assembly
- Completed reload, in  1.667 seconds
Platform modules already initialized, skipping
Refreshing native plugins compatible for Editor in 0.56 ms, found 2 plugins.
Preloading 0 native plugins for Editor in 0.00 ms.
Unloading 1432 Unused Serialized files (Serialized files now loaded: 0)
System memory in use before: 67.8 MB.
System memory in use after: 67.2 MB.

Unloading 27 unused Assets to reduce memory usage. Loaded Objects now: 1914.
Total: 3.396800 ms (FindLiveObjects: 0.298300 ms CreateObjectMapping: 0.147100 ms MarkObjects: 2.427700 ms  DeleteObjects: 0.522000 ms)

========================================================================
Received Prepare
Registering precompiled user dll's ...
Registered in 0.003310 seconds.
Begin MonoManager ReloadAssembly
Native extension for WindowsStandalone target not found
Refreshing native plugins compatible for Editor in 0.32 ms, found 2 plugins.
Preloading 0 native plugins for Editor in 0.00 ms.
Mono: successfully reloaded assembly
- Completed reload, in  1.192 seconds
Platform modules already initialized, skipping
Refreshing native plugins compatible for Editor in 0.31 ms, found 2 plugins.
Preloading 0 native plugins for Editor in 0.00 ms.
Unloading 1432 Unused Serialized files (Serialized files now loaded: 0)
System memory in use before: 67.8 MB.
System memory in use after: 67.2 MB.

Unloading 27 unused Assets to reduce memory usage. Loaded Objects now: 1917.
Total: 2.281200 ms (FindLiveObjects: 0.168600 ms CreateObjectMapping: 0.045800 ms MarkObjects: 1.719000 ms  DeleteObjects: 0.346800 ms)

========================================================================
Received Prepare
Registering precompiled user dll's ...
Registered in 0.003706 seconds.
Begin MonoManager ReloadAssembly
Native extension for WindowsStandalone target not found
Refreshing native plugins compatible for Editor in 0.34 ms, found 2 plugins.
Preloading 0 native plugins for Editor in 0.00 ms.
Mono: successfully reloaded assembly
- Completed reload, in  1.580 seconds
Platform modules already initialized, skipping
Refreshing native plugins compatible for Editor in 0.35 ms, found 2 plugins.
Preloading 0 native plugins for Editor in 0.00 ms.
Unloading 1432 Unused Serialized files (Serialized files now loaded: 0)
System memory in use before: 67.8 MB.
System memory in use after: 67.2 MB.

Unloading 27 unused Assets to reduce memory usage. Loaded Objects now: 1920.
Total: 4.116600 ms (FindLiveObjects: 0.206900 ms CreateObjectMapping: 0.088800 ms MarkObjects: 3.435600 ms  DeleteObjects: 0.383900 ms)

========================================================================
Received Prepare
Registering precompiled user dll's ...
Registered in 0.002345 seconds.
Begin MonoManager ReloadAssembly
Native extension for WindowsStandalone target not found
Refreshing native plugins compatible for Editor in 0.39 ms, found 2 plugins.
Preloading 0 native plugins for Editor in 0.00 ms.
Mono: successfully reloaded assembly
- Completed reload, in  1.172 seconds
Platform modules already initialized, skipping
Refreshing native plugins compatible for Editor in 0.50 ms, found 2 plugins.
Preloading 0 native plugins for Editor in 0.00 ms.
Unloading 1432 Unused Serialized files (Serialized files now loaded: 0)
System memory in use before: 67.8 MB.
System memory in use after: 67.2 MB.

Unloading 27 unused Assets to reduce memory usage. Loaded Objects now: 1923.
Total: 3.292700 ms (FindLiveObjects: 0.192700 ms CreateObjectMapping: 0.077400 ms MarkObjects: 2.513200 ms  DeleteObjects: 0.507700 ms)

========================================================================
Received Prepare
Registering precompiled user dll's ...
Registered in 0.002659 seconds.
Begin MonoManager ReloadAssembly
Native extension for WindowsStandalone target not found
Refreshing native plugins compatible for Editor in 0.32 ms, found 2 plugins.
Preloading 0 native plugins for Editor in 0.00 ms.
Mono: successfully reloaded assembly
- Completed reload, in  1.173 seconds
Platform modules already initialized, skipping
Refreshing native plugins compatible for Editor in 0.31 ms, found 2 plugins.
Preloading 0 native plugins for Editor in 0.00 ms.
Unloading 1432 Unused Serialized files (Serialized files now loaded: 0)
System memory in use before: 67.8 MB.
System memory in use after: 67.2 MB.

Unloading 27 unused Assets to reduce memory usage. Loaded Objects now: 1926.
Total: 2.652500 ms (FindLiveObjects: 0.168600 ms CreateObjectMapping: 0.049100 ms MarkObjects: 2.083600 ms  DeleteObjects: 0.349900 ms)

========================================================================
Received Prepare
Registering precompiled user dll's ...
Registered in 0.003400 seconds.
Begin MonoManager ReloadAssembly
Native extension for WindowsStandalone target not found
Refreshing native plugins compatible for Editor in 0.51 ms, found 2 plugins.
Preloading 0 native plugins for Editor in 0.00 ms.
Mono: successfully reloaded assembly
- Completed reload, in  1.748 seconds
Platform modules already initialized, skipping
Refreshing native plugins compatible for Editor in 0.35 ms, found 2 plugins.
Preloading 0 native plugins for Editor in 0.00 ms.
Unloading 1432 Unused Serialized files (Serialized files now loaded: 0)
System memory in use before: 67.8 MB.
System memory in use after: 67.2 MB.

Unloading 27 unused Assets to reduce memory usage. Loaded Objects now: 1929.
Total: 3.035700 ms (FindLiveObjects: 0.187200 ms CreateObjectMapping: 0.065500 ms MarkObjects: 2.293300 ms  DeleteObjects: 0.487300 ms)

========================================================================
Received Prepare
Registering precompiled user dll's ...
Registered in 0.002238 seconds.
Begin MonoManager ReloadAssembly
Native extension for WindowsStandalone target not found
Refreshing native plugins compatible for Editor in 0.47 ms, found 2 plugins.
Preloading 0 native plugins for Editor in 0.00 ms.
Mono: successfully reloaded assembly
- Completed reload, in  1.240 seconds
Platform modules already initialized, skipping
Refreshing native plugins compatible for Editor in 0.54 ms, found 2 plugins.
Preloading 0 native plugins for Editor in 0.00 ms.
Unloading 1432 Unused Serialized files (Serialized files now loaded: 0)
System memory in use before: 67.8 MB.
System memory in use after: 67.2 MB.

Unloading 27 unused Assets to reduce memory usage. Loaded Objects now: 1932.
Total: 2.385100 ms (FindLiveObjects: 0.186600 ms CreateObjectMapping: 0.061900 ms MarkObjects: 1.766900 ms  DeleteObjects: 0.368100 ms)

========================================================================
Received Prepare
Registering precompiled user dll's ...
Registered in 0.003620 seconds.
Begin MonoManager ReloadAssembly
Native extension for WindowsStandalone target not found
Refreshing native plugins compatible for Editor in 0.61 ms, found 2 plugins.
Preloading 0 native plugins for Editor in 0.00 ms.
Mono: successfully reloaded assembly
- Completed reload, in  1.624 seconds
Platform modules already initialized, skipping
Refreshing native plugins compatible for Editor in 0.40 ms, found 2 plugins.
Preloading 0 native plugins for Editor in 0.00 ms.
Unloading 1432 Unused Serialized files (Serialized files now loaded: 0)
System memory in use before: 67.8 MB.
System memory in use after: 67.2 MB.

Unloading 27 unused Assets to reduce memory usage. Loaded Objects now: 1935.
Total: 2.707100 ms (FindLiveObjects: 0.308800 ms CreateObjectMapping: 0.121800 ms MarkObjects: 1.862700 ms  DeleteObjects: 0.411800 ms)

========================================================================
Received Prepare
Registering precompiled user dll's ...
Registered in 0.002148 seconds.
Begin MonoManager ReloadAssembly
Native extension for WindowsStandalone target not found
Refreshing native plugins compatible for Editor in 0.33 ms, found 2 plugins.
Preloading 0 native plugins for Editor in 0.00 ms.
Mono: successfully reloaded assembly
- Completed reload, in  1.081 seconds
Platform modules already initialized, skipping
Refreshing native plugins compatible for Editor in 0.37 ms, found 2 plugins.
Preloading 0 native plugins for Editor in 0.00 ms.
Unloading 1432 Unused Serialized files (Serialized files now loaded: 0)
System memory in use before: 67.8 MB.
System memory in use after: 67.2 MB.

Unloading 27 unused Assets to reduce memory usage. Loaded Objects now: 1938.
Total: 2.722200 ms (FindLiveObjects: 0.323800 ms CreateObjectMapping: 0.106800 ms MarkObjects: 1.920600 ms  DeleteObjects: 0.369000 ms)

========================================================================
Received Prepare
Registering precompiled user dll's ...
Registered in 0.003051 seconds.
Begin MonoManager ReloadAssembly
Native extension for WindowsStandalone target not found
Refreshing native plugins compatible for Editor in 0.51 ms, found 2 plugins.
Preloading 0 native plugins for Editor in 0.00 ms.
Mono: successfully reloaded assembly
- Completed reload, in  1.531 seconds
Platform modules already initialized, skipping
Refreshing native plugins compatible for Editor in 0.49 ms, found 2 plugins.
Preloading 0 native plugins for Editor in 0.00 ms.
Unloading 1432 Unused Serialized files (Serialized files now loaded: 0)
System memory in use before: 67.8 MB.
System memory in use after: 67.3 MB.

Unloading 27 unused Assets to reduce memory usage. Loaded Objects now: 1941.
Total: 3.453200 ms (FindLiveObjects: 0.251400 ms CreateObjectMapping: 0.095100 ms MarkObjects: 2.613200 ms  DeleteObjects: 0.490700 ms)

========================================================================
Received Prepare
Registering precompiled user dll's ...
Registered in 0.002145 seconds.
Begin MonoManager ReloadAssembly
Native extension for WindowsStandalone target not found
Refreshing native plugins compatible for Editor in 0.49 ms, found 2 plugins.
Preloading 0 native plugins for Editor in 0.00 ms.
Mono: successfully reloaded assembly
- Completed reload, in  1.175 seconds
Platform modules already initialized, skipping
Refreshing native plugins compatible for Editor in 0.33 ms, found 2 plugins.
Preloading 0 native plugins for Editor in 0.00 ms.
Unloading 1432 Unused Serialized files (Serialized files now loaded: 0)
System memory in use before: 67.8 MB.
System memory in use after: 67.3 MB.

Unloading 27 unused Assets to reduce memory usage. Loaded Objects now: 1944.
Total: 2.469000 ms (FindLiveObjects: 0.266300 ms CreateObjectMapping: 0.097500 ms MarkObjects: 1.740800 ms  DeleteObjects: 0.363100 ms)

========================================================================
Received Prepare
Registering precompiled user dll's ...
Registered in 0.002507 seconds.
Begin MonoManager ReloadAssembly
Native extension for WindowsStandalone target not found
Refreshing native plugins compatible for Editor in 0.53 ms, found 2 plugins.
Preloading 0 native plugins for Editor in 0.00 ms.
Mono: successfully reloaded assembly
- Completed reload, in  1.736 seconds
Platform modules already initialized, skipping
Refreshing native plugins compatible for Editor in 0.60 ms, found 2 plugins.
Preloading 0 native plugins for Editor in 0.00 ms.
Unloading 1432 Unused Serialized files (Serialized files now loaded: 0)
System memory in use before: 67.8 MB.
System memory in use after: 67.3 MB.

Unloading 27 unused Assets to reduce memory usage. Loaded Objects now: 1947.
Total: 3.764900 ms (FindLiveObjects: 0.376200 ms CreateObjectMapping: 0.618400 ms MarkObjects: 2.239300 ms  DeleteObjects: 0.529700 ms)

========================================================================
Received Prepare
Registering precompiled user dll's ...
Registered in 0.002912 seconds.
Begin MonoManager ReloadAssembly
Native extension for WindowsStandalone target not found
Refreshing native plugins compatible for Editor in 0.33 ms, found 2 plugins.
Preloading 0 native plugins for Editor in 0.00 ms.
Mono: successfully reloaded assembly
- Completed reload, in  1.163 seconds
Platform modules already initialized, skipping
Refreshing native plugins compatible for Editor in 0.85 ms, found 2 plugins.
Preloading 0 native plugins for Editor in 0.00 ms.
Unloading 1432 Unused Serialized files (Serialized files now loaded: 0)
System memory in use before: 67.8 MB.
System memory in use after: 67.3 MB.

Unloading 27 unused Assets to reduce memory usage. Loaded Objects now: 1950.
Total: 2.430200 ms (FindLiveObjects: 0.169900 ms CreateObjectMapping: 0.045700 ms MarkObjects: 1.831800 ms  DeleteObjects: 0.381600 ms)

========================================================================
Received Prepare
Registering precompiled user dll's ...
Registered in 0.002737 seconds.
Begin MonoManager ReloadAssembly
Native extension for WindowsStandalone target not found
Refreshing native plugins compatible for Editor in 0.53 ms, found 2 plugins.
Preloading 0 native plugins for Editor in 0.00 ms.
Mono: successfully reloaded assembly
- Completed reload, in  1.587 seconds
Platform modules already initialized, skipping
Refreshing native plugins compatible for Editor in 1.03 ms, found 2 plugins.
Preloading 0 native plugins for Editor in 0.00 ms.
Unloading 1432 Unused Serialized files (Serialized files now loaded: 0)
System memory in use before: 67.8 MB.
System memory in use after: 67.3 MB.

Unloading 27 unused Assets to reduce memory usage. Loaded Objects now: 1953.
Total: 6.540000 ms (FindLiveObjects: 0.414200 ms CreateObjectMapping: 0.287600 ms MarkObjects: 5.213600 ms  DeleteObjects: 0.622000 ms)

========================================================================
Received Prepare
Registering precompiled user dll's ...
Registered in 0.002953 seconds.
Begin MonoManager ReloadAssembly
Native extension for WindowsStandalone target not found
Refreshing native plugins compatible for Editor in 0.33 ms, found 2 plugins.
Preloading 0 native plugins for Editor in 0.00 ms.
Mono: successfully reloaded assembly
- Completed reload, in  1.179 seconds
Platform modules already initialized, skipping
Refreshing native plugins compatible for Editor in 0.35 ms, found 2 plugins.
Preloading 0 native plugins for Editor in 0.00 ms.
Unloading 1432 Unused Serialized files (Serialized files now loaded: 0)
System memory in use before: 67.8 MB.
System memory in use after: 67.3 MB.

Unloading 27 unused Assets to reduce memory usage. Loaded Objects now: 1956.
Total: 2.483100 ms (FindLiveObjects: 0.259700 ms CreateObjectMapping: 0.090200 ms MarkObjects: 1.767700 ms  DeleteObjects: 0.363800 ms)

========================================================================
Received Prepare
Registering precompiled user dll's ...
Registered in 0.002217 seconds.
Begin MonoManager ReloadAssembly
Native extension for WindowsStandalone target not found
Refreshing native plugins compatible for Editor in 0.32 ms, found 2 plugins.
Preloading 0 native plugins for Editor in 0.00 ms.
Mono: successfully reloaded assembly
- Completed reload, in  1.112 seconds
Platform modules already initialized, skipping
Refreshing native plugins compatible for Editor in 0.32 ms, found 2 plugins.
Preloading 0 native plugins for Editor in 0.00 ms.
Unloading 1432 Unused Serialized files (Serialized files now loaded: 0)
System memory in use before: 67.9 MB.
System memory in use after: 67.3 MB.

Unloading 27 unused Assets to reduce memory usage. Loaded Objects now: 1959.
Total: 2.334100 ms (FindLiveObjects: 0.178300 ms CreateObjectMapping: 0.052400 ms MarkObjects: 1.760200 ms  DeleteObjects: 0.342200 ms)

========================================================================
Received Prepare
Registering precompiled user dll's ...
Registered in 0.005147 seconds.
Begin MonoManager ReloadAssembly
Native extension for WindowsStandalone target not found
Refreshing native plugins compatible for Editor in 0.42 ms, found 2 plugins.
Preloading 0 native plugins for Editor in 0.00 ms.
Mono: successfully reloaded assembly
- Completed reload, in  1.551 seconds
Platform modules already initialized, skipping
Refreshing native plugins compatible for Editor in 0.47 ms, found 2 plugins.
Preloading 0 native plugins for Editor in 0.00 ms.
Unloading 1432 Unused Serialized files (Serialized files now loaded: 0)
System memory in use before: 67.9 MB.
System memory in use after: 67.3 MB.

Unloading 27 unused Assets to reduce memory usage. Loaded Objects now: 1962.
Total: 3.457700 ms (FindLiveObjects: 0.261900 ms CreateObjectMapping: 0.082900 ms MarkObjects: 2.634200 ms  DeleteObjects: 0.476900 ms)

========================================================================
Received Prepare
Registering precompiled user dll's ...
Registered in 0.002750 seconds.
Begin MonoManager ReloadAssembly
Native extension for WindowsStandalone target not found
Refreshing native plugins compatible for Editor in 0.41 ms, found 2 plugins.
Preloading 0 native plugins for Editor in 0.00 ms.
Mono: successfully reloaded assembly
- Completed reload, in  1.609 seconds
Platform modules already initialized, skipping
Refreshing native plugins compatible for Editor in 0.52 ms, found 2 plugins.
Preloading 0 native plugins for Editor in 0.00 ms.
Unloading 1432 Unused Serialized files (Serialized files now loaded: 0)
System memory in use before: 67.9 MB.
System memory in use after: 67.3 MB.

Unloading 27 unused Assets to reduce memory usage. Loaded Objects now: 1965.
Total: 2.921700 ms (FindLiveObjects: 0.280400 ms CreateObjectMapping: 0.202400 ms MarkObjects: 1.989700 ms  DeleteObjects: 0.448000 ms)

========================================================================
Received Prepare
Registering precompiled user dll's ...
Registered in 0.003127 seconds.
Begin MonoManager ReloadAssembly
Native extension for WindowsStandalone target not found
Refreshing native plugins compatible for Editor in 0.33 ms, found 2 plugins.
Preloading 0 native plugins for Editor in 0.00 ms.
Mono: successfully reloaded assembly
- Completed reload, in  1.244 seconds
Platform modules already initialized, skipping
Refreshing native plugins compatible for Editor in 0.31 ms, found 2 plugins.
Preloading 0 native plugins for Editor in 0.00 ms.
Unloading 1432 Unused Serialized files (Serialized files now loaded: 0)
System memory in use before: 67.9 MB.
System memory in use after: 67.3 MB.

Unloading 27 unused Assets to reduce memory usage. Loaded Objects now: 1968.
Total: 2.410900 ms (FindLiveObjects: 0.179400 ms CreateObjectMapping: 0.042400 ms MarkObjects: 1.837100 ms  DeleteObjects: 0.351000 ms)

========================================================================
Received Prepare
Registering precompiled user dll's ...
Registered in 0.002707 seconds.
Begin MonoManager ReloadAssembly
Native extension for WindowsStandalone target not found
Refreshing native plugins compatible for Editor in 0.34 ms, found 2 plugins.
Preloading 0 native plugins for Editor in 0.00 ms.
Mono: successfully reloaded assembly
- Completed reload, in  1.125 seconds
Platform modules already initialized, skipping
Refreshing native plugins compatible for Editor in 0.32 ms, found 2 plugins.
Preloading 0 native plugins for Editor in 0.00 ms.
Unloading 1432 Unused Serialized files (Serialized files now loaded: 0)
System memory in use before: 67.9 MB.
System memory in use after: 67.3 MB.

Unloading 27 unused Assets to reduce memory usage. Loaded Objects now: 1971.
Total: 2.350600 ms (FindLiveObjects: 0.190200 ms CreateObjectMapping: 0.056200 ms MarkObjects: 1.759500 ms  DeleteObjects: 0.343800 ms)

========================================================================
Received Prepare
Refreshing native plugins compatible for Editor in 2.54 ms, found 2 plugins.
Preloading 0 native plugins for Editor in 0.00 ms.
Unloading 25 Unused Serialized files (Serialized files now loaded: 0)
System memory in use before: 40.0 MB.
System memory in use after: 39.5 MB.

Unloading 25 unused Assets to reduce memory usage. Loaded Objects now: 1971.
Total: 3.054100 ms (FindLiveObjects: 0.185900 ms CreateObjectMapping: 0.048800 ms MarkObjects: 2.408400 ms  DeleteObjects: 0.409900 ms)

========================================================================
Received Prepare
Registering precompiled user dll's ...
Registered in 0.004898 seconds.
Begin MonoManager ReloadAssembly
Native extension for WindowsStandalone target not found
Refreshing native plugins compatible for Editor in 0.60 ms, found 2 plugins.
Preloading 0 native plugins for Editor in 0.00 ms.
Mono: successfully reloaded assembly
- Completed reload, in  1.378 seconds
Platform modules already initialized, skipping
Refreshing native plugins compatible for Editor in 0.31 ms, found 2 plugins.
Preloading 0 native plugins for Editor in 0.00 ms.
Unloading 1432 Unused Serialized files (Serialized files now loaded: 0)
System memory in use before: 67.9 MB.
System memory in use after: 67.3 MB.

Unloading 27 unused Assets to reduce memory usage. Loaded Objects now: 1974.
Total: 2.670200 ms (FindLiveObjects: 0.175400 ms CreateObjectMapping: 0.042100 ms MarkObjects: 1.921800 ms  DeleteObjects: 0.529600 ms)

========================================================================
Received Prepare
Registering precompiled user dll's ...
Registered in 0.002143 seconds.
Begin MonoManager ReloadAssembly
Native extension for WindowsStandalone target not found
Refreshing native plugins compatible for Editor in 0.32 ms, found 2 plugins.
Preloading 0 native plugins for Editor in 0.00 ms.
Mono: successfully reloaded assembly
- Completed reload, in  1.118 seconds
Platform modules already initialized, skipping
Refreshing native plugins compatible for Editor in 0.35 ms, found 2 plugins.
Preloading 0 native plugins for Editor in 0.00 ms.
Unloading 1432 Unused Serialized files (Serialized files now loaded: 0)
System memory in use before: 67.9 MB.
System memory in use after: 67.3 MB.

Unloading 27 unused Assets to reduce memory usage. Loaded Objects now: 1977.
Total: 2.978100 ms (FindLiveObjects: 0.430200 ms CreateObjectMapping: 0.349900 ms MarkObjects: 1.836400 ms  DeleteObjects: 0.360600 ms)

========================================================================
Received Prepare
Registering precompiled user dll's ...
Registered in 0.002627 seconds.
Begin MonoManager ReloadAssembly
Native extension for WindowsStandalone target not found
Refreshing native plugins compatible for Editor in 0.36 ms, found 2 plugins.
Preloading 0 native plugins for Editor in 0.00 ms.
Mono: successfully reloaded assembly
- Completed reload, in  1.677 seconds
Platform modules already initialized, skipping
Refreshing native plugins compatible for Editor in 0.35 ms, found 2 plugins.
Preloading 0 native plugins for Editor in 0.00 ms.
Unloading 1432 Unused Serialized files (Serialized files now loaded: 0)
System memory in use before: 67.9 MB.
System memory in use after: 67.3 MB.

Unloading 27 unused Assets to reduce memory usage. Loaded Objects now: 1980.
Total: 2.536400 ms (FindLiveObjects: 0.178200 ms CreateObjectMapping: 0.048600 ms MarkObjects: 1.877400 ms  DeleteObjects: 0.431100 ms)

========================================================================
Received Prepare
Registering precompiled user dll's ...
Registered in 0.002295 seconds.
Begin MonoManager ReloadAssembly
Native extension for WindowsStandalone target not found
Refreshing native plugins compatible for Editor in 0.33 ms, found 2 plugins.
Preloading 0 native plugins for Editor in 0.00 ms.
Mono: successfully reloaded assembly
- Completed reload, in  1.099 seconds
Platform modules already initialized, skipping
Refreshing native plugins compatible for Editor in 0.31 ms, found 2 plugins.
Preloading 0 native plugins for Editor in 0.00 ms.
Unloading 1432 Unused Serialized files (Serialized files now loaded: 0)
System memory in use before: 67.9 MB.
System memory in use after: 67.3 MB.

Unloading 27 unused Assets to reduce memory usage. Loaded Objects now: 1983.
Total: 2.450200 ms (FindLiveObjects: 0.181900 ms CreateObjectMapping: 0.046200 ms MarkObjects: 1.882400 ms  DeleteObjects: 0.338600 ms)

========================================================================
Received Prepare
Registering precompiled user dll's ...
Registered in 0.002602 seconds.
Begin MonoManager ReloadAssembly
Native extension for WindowsStandalone target not found
Refreshing native plugins compatible for Editor in 0.52 ms, found 2 plugins.
Preloading 0 native plugins for Editor in 0.00 ms.
Mono: successfully reloaded assembly
- Completed reload, in  1.651 seconds
Platform modules already initialized, skipping
Refreshing native plugins compatible for Editor in 0.34 ms, found 2 plugins.
Preloading 0 native plugins for Editor in 0.00 ms.
Unloading 1432 Unused Serialized files (Serialized files now loaded: 0)
System memory in use before: 67.9 MB.
System memory in use after: 67.3 MB.

Unloading 27 unused Assets to reduce memory usage. Loaded Objects now: 1986.
Total: 2.540000 ms (FindLiveObjects: 0.209900 ms CreateObjectMapping: 0.074500 ms MarkObjects: 1.896900 ms  DeleteObjects: 0.356700 ms)

========================================================================
Received Prepare
Registering precompiled user dll's ...
Registered in 0.002494 seconds.
Begin MonoManager ReloadAssembly
Native extension for WindowsStandalone target not found
Refreshing native plugins compatible for Editor in 0.33 ms, found 2 plugins.
Preloading 0 native plugins for Editor in 0.00 ms.
Mono: successfully reloaded assembly
- Completed reload, in  1.206 seconds
Platform modules already initialized, skipping
Refreshing native plugins compatible for Editor in 0.50 ms, found 2 plugins.
Preloading 0 native plugins for Editor in 0.00 ms.
Unloading 1432 Unused Serialized files (Serialized files now loaded: 0)
System memory in use before: 67.9 MB.
System memory in use after: 67.3 MB.

Unloading 27 unused Assets to reduce memory usage. Loaded Objects now: 1989.
Total: 2.769600 ms (FindLiveObjects: 0.190600 ms CreateObjectMapping: 0.057100 ms MarkObjects: 2.145900 ms  DeleteObjects: 0.374700 ms)

========================================================================
Received Prepare
Registering precompiled user dll's ...
Registered in 0.002303 seconds.
Begin MonoManager ReloadAssembly
Native extension for WindowsStandalone target not found
Refreshing native plugins compatible for Editor in 0.32 ms, found 2 plugins.
Preloading 0 native plugins for Editor in 0.00 ms.
Mono: successfully reloaded assembly
- Completed reload, in  1.122 seconds
Platform modules already initialized, skipping
Refreshing native plugins compatible for Editor in 0.31 ms, found 2 plugins.
Preloading 0 native plugins for Editor in 0.00 ms.
Unloading 1432 Unused Serialized files (Serialized files now loaded: 0)
System memory in use before: 67.9 MB.
System memory in use after: 67.3 MB.

Unloading 27 unused Assets to reduce memory usage. Loaded Objects now: 1992.
Total: 2.488800 ms (FindLiveObjects: 0.179700 ms CreateObjectMapping: 0.049700 ms MarkObjects: 1.912100 ms  DeleteObjects: 0.346400 ms)

========================================================================
Received Prepare
Registering precompiled user dll's ...
Registered in 0.003003 seconds.
Begin MonoManager ReloadAssembly
Native extension for WindowsStandalone target not found
Refreshing native plugins compatible for Editor in 0.39 ms, found 2 plugins.
Preloading 0 native plugins for Editor in 0.00 ms.
Mono: successfully reloaded assembly
- Completed reload, in  1.524 seconds
Platform modules already initialized, skipping
Refreshing native plugins compatible for Editor in 0.48 ms, found 2 plugins.
Preloading 0 native plugins for Editor in 0.00 ms.
Unloading 1432 Unused Serialized files (Serialized files now loaded: 0)
System memory in use before: 67.9 MB.
System memory in use after: 67.3 MB.

Unloading 27 unused Assets to reduce memory usage. Loaded Objects now: 1995.
Total: 3.107200 ms (FindLiveObjects: 0.217200 ms CreateObjectMapping: 0.067300 ms MarkObjects: 2.387600 ms  DeleteObjects: 0.433600 ms)

========================================================================
Received Prepare
Refreshing native plugins compatible for Editor in 2.19 ms, found 2 plugins.
Preloading 0 native plugins for Editor in 0.00 ms.
Unloading 25 Unused Serialized files (Serialized files now loaded: 0)
System memory in use before: 40.1 MB.
System memory in use after: 39.5 MB.

Unloading 25 unused Assets to reduce memory usage. Loaded Objects now: 1995.
Total: 2.976200 ms (FindLiveObjects: 0.190900 ms CreateObjectMapping: 0.055800 ms MarkObjects: 2.368100 ms  DeleteObjects: 0.360000 ms)

========================================================================
Received Prepare
Registering precompiled user dll's ...
Registered in 0.004721 seconds.
Begin MonoManager ReloadAssembly
Native extension for WindowsStandalone target not found
Refreshing native plugins compatible for Editor in 0.33 ms, found 2 plugins.
Preloading 0 native plugins for Editor in 0.00 ms.
Mono: successfully reloaded assembly
- Completed reload, in  1.106 seconds
Platform modules already initialized, skipping
Refreshing native plugins compatible for Editor in 0.31 ms, found 2 plugins.
Preloading 0 native plugins for Editor in 0.00 ms.
Unloading 1432 Unused Serialized files (Serialized files now loaded: 0)
System memory in use before: 67.9 MB.
System memory in use after: 67.4 MB.

Unloading 27 unused Assets to reduce memory usage. Loaded Objects now: 1998.
Total: 2.507900 ms (FindLiveObjects: 0.177900 ms CreateObjectMapping: 0.057700 ms MarkObjects: 1.923200 ms  DeleteObjects: 0.347500 ms)

========================================================================
Received Prepare
Registering precompiled user dll's ...
Registered in 0.003586 seconds.
Begin MonoManager ReloadAssembly
Native extension for WindowsStandalone target not found
Refreshing native plugins compatible for Editor in 0.44 ms, found 2 plugins.
Preloading 0 native plugins for Editor in 0.00 ms.
Mono: successfully reloaded assembly
- Completed reload, in  1.559 seconds
Platform modules already initialized, skipping
Refreshing native plugins compatible for Editor in 0.50 ms, found 2 plugins.
Preloading 0 native plugins for Editor in 0.00 ms.
Unloading 1432 Unused Serialized files (Serialized files now loaded: 0)
System memory in use before: 67.9 MB.
System memory in use after: 67.4 MB.

Unloading 27 unused Assets to reduce memory usage. Loaded Objects now: 2001.
Total: 3.213400 ms (FindLiveObjects: 0.538400 ms CreateObjectMapping: 0.176300 ms MarkObjects: 2.009500 ms  DeleteObjects: 0.486800 ms)

========================================================================
Received Prepare
Registering precompiled user dll's ...
Registered in 0.003053 seconds.
Begin MonoManager ReloadAssembly
Native extension for WindowsStandalone target not found
Refreshing native plugins compatible for Editor in 0.34 ms, found 2 plugins.
Preloading 0 native plugins for Editor in 0.00 ms.
Mono: successfully reloaded assembly
- Completed reload, in  1.111 seconds
Platform modules already initialized, skipping
Refreshing native plugins compatible for Editor in 0.33 ms, found 2 plugins.
Preloading 0 native plugins for Editor in 0.00 ms.
Unloading 1432 Unused Serialized files (Serialized files now loaded: 0)
System memory in use before: 67.9 MB.
System memory in use after: 67.4 MB.

Unloading 27 unused Assets to reduce memory usage. Loaded Objects now: 2004.
Total: 3.272300 ms (FindLiveObjects: 0.196700 ms CreateObjectMapping: 0.059900 ms MarkObjects: 2.533500 ms  DeleteObjects: 0.480700 ms)

========================================================================
Received Prepare
Registering precompiled user dll's ...
Registered in 0.003006 seconds.
Begin MonoManager ReloadAssembly
Native extension for WindowsStandalone target not found
Refreshing native plugins compatible for Editor in 0.45 ms, found 2 plugins.
Preloading 0 native plugins for Editor in 0.00 ms.
Mono: successfully reloaded assembly
- Completed reload, in  1.560 seconds
Platform modules already initialized, skipping
Refreshing native plugins compatible for Editor in 0.31 ms, found 2 plugins.
Preloading 0 native plugins for Editor in 0.00 ms.
Unloading 1432 Unused Serialized files (Serialized files now loaded: 0)
System memory in use before: 67.9 MB.
System memory in use after: 67.4 MB.

Unloading 27 unused Assets to reduce memory usage. Loaded Objects now: 2007.
Total: 2.219600 ms (FindLiveObjects: 0.176300 ms CreateObjectMapping: 0.055900 ms MarkObjects: 1.650700 ms  DeleteObjects: 0.335800 ms)

========================================================================
Received Prepare
Registering precompiled user dll's ...
Registered in 0.003064 seconds.
Begin MonoManager ReloadAssembly
Native extension for WindowsStandalone target not found
Refreshing native plugins compatible for Editor in 0.41 ms, found 2 plugins.
Preloading 0 native plugins for Editor in 0.00 ms.
Mono: successfully reloaded assembly
- Completed reload, in  1.132 seconds
Platform modules already initialized, skipping
Refreshing native plugins compatible for Editor in 0.32 ms, found 2 plugins.
Preloading 0 native plugins for Editor in 0.00 ms.
Unloading 1432 Unused Serialized files (Serialized files now loaded: 0)
System memory in use before: 68.0 MB.
System memory in use after: 67.4 MB.

Unloading 27 unused Assets to reduce memory usage. Loaded Objects now: 2010.
Total: 2.273100 ms (FindLiveObjects: 0.174700 ms CreateObjectMapping: 0.056000 ms MarkObjects: 1.692000 ms  DeleteObjects: 0.349000 ms)

========================================================================
Received Prepare
Registering precompiled user dll's ...
Registered in 0.003565 seconds.
Begin MonoManager ReloadAssembly
Native extension for WindowsStandalone target not found
Refreshing native plugins compatible for Editor in 0.86 ms, found 2 plugins.
Preloading 0 native plugins for Editor in 0.00 ms.
Mono: successfully reloaded assembly
- Completed reload, in  1.532 seconds
Platform modules already initialized, skipping
Refreshing native plugins compatible for Editor in 0.50 ms, found 2 plugins.
Preloading 0 native plugins for Editor in 0.00 ms.
Unloading 1432 Unused Serialized files (Serialized files now loaded: 0)
System memory in use before: 67.9 MB.
System memory in use after: 67.4 MB.

Unloading 27 unused Assets to reduce memory usage. Loaded Objects now: 2013.
Total: 3.415100 ms (FindLiveObjects: 0.370600 ms CreateObjectMapping: 0.456100 ms MarkObjects: 2.123600 ms  DeleteObjects: 0.463400 ms)

========================================================================
Received Prepare
Registering precompiled user dll's ...
Registered in 0.004171 seconds.
Begin MonoManager ReloadAssembly
Native extension for WindowsStandalone target not found
Refreshing native plugins compatible for Editor in 0.35 ms, found 2 plugins.
Preloading 0 native plugins for Editor in 0.00 ms.
Mono: successfully reloaded assembly
- Completed reload, in  1.508 seconds
Platform modules already initialized, skipping
Refreshing native plugins compatible for Editor in 0.33 ms, found 2 plugins.
Preloading 0 native plugins for Editor in 0.00 ms.
Unloading 1432 Unused Serialized files (Serialized files now loaded: 0)
System memory in use before: 68.0 MB.
System memory in use after: 67.4 MB.

Unloading 27 unused Assets to reduce memory usage. Loaded Objects now: 2016.
Total: 2.983100 ms (FindLiveObjects: 0.255200 ms CreateObjectMapping: 0.067200 ms MarkObjects: 2.216900 ms  DeleteObjects: 0.441800 ms)

========================================================================
Received Prepare
Registering precompiled user dll's ...
Registered in 0.002735 seconds.
Begin MonoManager ReloadAssembly
Native extension for WindowsStandalone target not found
Refreshing native plugins compatible for Editor in 0.35 ms, found 2 plugins.
Preloading 0 native plugins for Editor in 0.00 ms.
Mono: successfully reloaded assembly
- Completed reload, in  1.239 seconds
Platform modules already initialized, skipping
Refreshing native plugins compatible for Editor in 0.36 ms, found 2 plugins.
Preloading 0 native plugins for Editor in 0.00 ms.
Unloading 1432 Unused Serialized files (Serialized files now loaded: 0)
System memory in use before: 68.0 MB.
System memory in use after: 67.4 MB.

Unloading 27 unused Assets to reduce memory usage. Loaded Objects now: 2019.
Total: 2.248100 ms (FindLiveObjects: 0.174100 ms CreateObjectMapping: 0.055400 ms MarkObjects: 1.673400 ms  DeleteObjects: 0.344100 ms)

========================================================================
Received Prepare
Registering precompiled user dll's ...
Registered in 0.003375 seconds.
Begin MonoManager ReloadAssembly
Native extension for WindowsStandalone target not found
Refreshing native plugins compatible for Editor in 0.55 ms, found 2 plugins.
Preloading 0 native plugins for Editor in 0.00 ms.
Mono: successfully reloaded assembly
- Completed reload, in  1.516 seconds
Platform modules already initialized, skipping
Refreshing native plugins compatible for Editor in 0.36 ms, found 2 plugins.
Preloading 0 native plugins for Editor in 0.00 ms.
Unloading 1432 Unused Serialized files (Serialized files now loaded: 0)
System memory in use before: 68.0 MB.
System memory in use after: 67.4 MB.

Unloading 27 unused Assets to reduce memory usage. Loaded Objects now: 2022.
Total: 3.313500 ms (FindLiveObjects: 0.298900 ms CreateObjectMapping: 0.096000 ms MarkObjects: 2.423000 ms  DeleteObjects: 0.494100 ms)

========================================================================
Received Prepare
Registering precompiled user dll's ...
Registered in 0.002726 seconds.
Begin MonoManager ReloadAssembly
Native extension for WindowsStandalone target not found
Refreshing native plugins compatible for Editor in 0.48 ms, found 2 plugins.
Preloading 0 native plugins for Editor in 0.00 ms.
Mono: successfully reloaded assembly
- Completed reload, in  1.241 seconds
Platform modules already initialized, skipping
Refreshing native plugins compatible for Editor in 0.32 ms, found 2 plugins.
Preloading 0 native plugins for Editor in 0.00 ms.
Unloading 1432 Unused Serialized files (Serialized files now loaded: 0)
System memory in use before: 68.0 MB.
System memory in use after: 67.4 MB.

Unloading 27 unused Assets to reduce memory usage. Loaded Objects now: 2025.
Total: 2.338900 ms (FindLiveObjects: 0.184300 ms CreateObjectMapping: 0.053900 ms MarkObjects: 1.754400 ms  DeleteObjects: 0.345500 ms)

========================================================================
Received Prepare
Registering precompiled user dll's ...
Registered in 0.003379 seconds.
Begin MonoManager ReloadAssembly
Native extension for WindowsStandalone target not found
Refreshing native plugins compatible for Editor in 0.51 ms, found 2 plugins.
Preloading 0 native plugins for Editor in 0.00 ms.
Mono: successfully reloaded assembly
- Completed reload, in  1.506 seconds
Platform modules already initialized, skipping
Refreshing native plugins compatible for Editor in 0.34 ms, found 2 plugins.
Preloading 0 native plugins for Editor in 0.00 ms.
Unloading 1432 Unused Serialized files (Serialized files now loaded: 0)
System memory in use before: 68.0 MB.
System memory in use after: 67.4 MB.

Unloading 27 unused Assets to reduce memory usage. Loaded Objects now: 2028.
Total: 2.570700 ms (FindLiveObjects: 0.206600 ms CreateObjectMapping: 0.060300 ms MarkObjects: 1.908200 ms  DeleteObjects: 0.393800 ms)

========================================================================
Received Prepare
Registering precompiled user dll's ...
Registered in 0.002426 seconds.
Begin MonoManager ReloadAssembly
Native extension for WindowsStandalone target not found
Refreshing native plugins compatible for Editor in 0.62 ms, found 2 plugins.
Preloading 0 native plugins for Editor in 0.00 ms.
Mono: successfully reloaded assembly
- Completed reload, in  1.203 seconds
Platform modules already initialized, skipping
Refreshing native plugins compatible for Editor in 0.35 ms, found 2 plugins.
Preloading 0 native plugins for Editor in 0.00 ms.
Unloading 1432 Unused Serialized files (Serialized files now loaded: 0)
System memory in use before: 68.0 MB.
System memory in use after: 67.4 MB.

Unloading 27 unused Assets to reduce memory usage. Loaded Objects now: 2031.
Total: 2.542100 ms (FindLiveObjects: 0.216200 ms CreateObjectMapping: 0.063500 ms MarkObjects: 1.795500 ms  DeleteObjects: 0.465400 ms)

========================================================================
Received Prepare
Registering precompiled user dll's ...
Registered in 0.002136 seconds.
Begin MonoManager ReloadAssembly
Native extension for WindowsStandalone target not found
Refreshing native plugins compatible for Editor in 0.51 ms, found 2 plugins.
Preloading 0 native plugins for Editor in 0.00 ms.
Mono: successfully reloaded assembly
- Completed reload, in  1.958 seconds
Platform modules already initialized, skipping
Refreshing native plugins compatible for Editor in 0.32 ms, found 2 plugins.
Preloading 0 native plugins for Editor in 0.00 ms.
Unloading 1432 Unused Serialized files (Serialized files now loaded: 0)
System memory in use before: 68.0 MB.
System memory in use after: 67.4 MB.

Unloading 27 unused Assets to reduce memory usage. Loaded Objects now: 2034.
Total: 3.631200 ms (FindLiveObjects: 0.273300 ms CreateObjectMapping: 0.094600 ms MarkObjects: 2.875100 ms  DeleteObjects: 0.386600 ms)

========================================================================
Received Prepare
Registering precompiled user dll's ...
Registered in 0.002182 seconds.
Begin MonoManager ReloadAssembly
Native extension for WindowsStandalone target not found
Refreshing native plugins compatible for Editor in 0.37 ms, found 2 plugins.
Preloading 0 native plugins for Editor in 0.00 ms.
Mono: successfully reloaded assembly
- Completed reload, in  1.299 seconds
Platform modules already initialized, skipping
Refreshing native plugins compatible for Editor in 0.57 ms, found 2 plugins.
Preloading 0 native plugins for Editor in 0.00 ms.
Unloading 1432 Unused Serialized files (Serialized files now loaded: 0)
System memory in use before: 68.0 MB.
System memory in use after: 67.4 MB.

Unloading 27 unused Assets to reduce memory usage. Loaded Objects now: 2037.
Total: 2.579000 ms (FindLiveObjects: 0.209700 ms CreateObjectMapping: 0.066200 ms MarkObjects: 1.954500 ms  DeleteObjects: 0.347100 ms)

========================================================================
Received Prepare
Registering precompiled user dll's ...
Registered in 0.003609 seconds.
Begin MonoManager ReloadAssembly
Native extension for WindowsStandalone target not found
Refreshing native plugins compatible for Editor in 0.34 ms, found 2 plugins.
Preloading 0 native plugins for Editor in 0.00 ms.
Mono: successfully reloaded assembly
- Completed reload, in  1.251 seconds
Platform modules already initialized, skipping
Refreshing native plugins compatible for Editor in 0.31 ms, found 2 plugins.
Preloading 0 native plugins for Editor in 0.00 ms.
Unloading 1432 Unused Serialized files (Serialized files now loaded: 0)
System memory in use before: 68.0 MB.
System memory in use after: 67.4 MB.

Unloading 27 unused Assets to reduce memory usage. Loaded Objects now: 2040.
Total: 2.643300 ms (FindLiveObjects: 0.184400 ms CreateObjectMapping: 0.048600 ms MarkObjects: 2.062400 ms  DeleteObjects: 0.347000 ms)

========================================================================
Received Prepare
Registering precompiled user dll's ...
Registered in 0.002373 seconds.
Begin MonoManager ReloadAssembly
Native extension for WindowsStandalone target not found
Refreshing native plugins compatible for Editor in 0.56 ms, found 2 plugins.
Preloading 0 native plugins for Editor in 0.00 ms.
Mono: successfully reloaded assembly
- Completed reload, in  1.500 seconds
Platform modules already initialized, skipping
Refreshing native plugins compatible for Editor in 0.44 ms, found 2 plugins.
Preloading 0 native plugins for Editor in 0.00 ms.
Unloading 1432 Unused Serialized files (Serialized files now loaded: 0)
System memory in use before: 68.0 MB.
System memory in use after: 67.4 MB.

Unloading 27 unused Assets to reduce memory usage. Loaded Objects now: 2043.
Total: 5.846300 ms (FindLiveObjects: 0.524500 ms CreateObjectMapping: 0.164800 ms MarkObjects: 4.561400 ms  DeleteObjects: 0.593900 ms)

========================================================================
Received Prepare
Registering precompiled user dll's ...
Registered in 0.108659 seconds.
Begin MonoManager ReloadAssembly
Native extension for WindowsStandalone target not found
Refreshing native plugins compatible for Editor in 1.15 ms, found 2 plugins.
Preloading 0 native plugins for Editor in 0.00 ms.
Mono: successfully reloaded assembly
- Completed reload, in  6.323 seconds
Platform modules already initialized, skipping
Refreshing native plugins compatible for Editor in 0.75 ms, found 2 plugins.
Preloading 0 native plugins for Editor in 0.00 ms.
Unloading 1432 Unused Serialized files (Serialized files now loaded: 0)
System memory in use before: 68.0 MB.
System memory in use after: 67.4 MB.

Unloading 27 unused Assets to reduce memory usage. Loaded Objects now: 2046.
Total: 6.115800 ms (FindLiveObjects: 0.443700 ms CreateObjectMapping: 0.156500 ms MarkObjects: 3.792200 ms  DeleteObjects: 1.720500 ms)

========================================================================
Received Prepare
Registering precompiled user dll's ...
Registered in 0.003216 seconds.
Begin MonoManager ReloadAssembly
Native extension for WindowsStandalone target not found
Refreshing native plugins compatible for Editor in 0.52 ms, found 2 plugins.
Preloading 0 native plugins for Editor in 0.00 ms.
Mono: successfully reloaded assembly
- Completed reload, in  1.826 seconds
Platform modules already initialized, skipping
Refreshing native plugins compatible for Editor in 0.47 ms, found 2 plugins.
Preloading 0 native plugins for Editor in 0.00 ms.
Unloading 1432 Unused Serialized files (Serialized files now loaded: 0)
System memory in use before: 68.0 MB.
System memory in use after: 67.5 MB.

Unloading 27 unused Assets to reduce memory usage. Loaded Objects now: 2049.
Total: 3.515700 ms (FindLiveObjects: 0.328000 ms CreateObjectMapping: 0.144800 ms MarkObjects: 2.514800 ms  DeleteObjects: 0.526100 ms)

========================================================================
Received Prepare
Registering precompiled user dll's ...
Registered in 0.009404 seconds.
Begin MonoManager ReloadAssembly
Native extension for WindowsStandalone target not found
Refreshing native plugins compatible for Editor in 1.24 ms, found 2 plugins.
Preloading 0 native plugins for Editor in 0.00 ms.
Mono: successfully reloaded assembly
- Completed reload, in  2.872 seconds
Platform modules already initialized, skipping
Refreshing native plugins compatible for Editor in 0.59 ms, found 2 plugins.
Preloading 0 native plugins for Editor in 0.00 ms.
Unloading 1432 Unused Serialized files (Serialized files now loaded: 0)
System memory in use before: 68.0 MB.
System memory in use after: 67.4 MB.

Unloading 27 unused Assets to reduce memory usage. Loaded Objects now: 2052.
Total: 7.866100 ms (FindLiveObjects: 1.048800 ms CreateObjectMapping: 0.174200 ms MarkObjects: 6.005200 ms  DeleteObjects: 0.634600 ms)

========================================================================
Received Prepare
Registering precompiled user dll's ...
Registered in 0.013542 seconds.
Begin MonoManager ReloadAssembly
Native extension for WindowsStandalone target not found
Refreshing native plugins compatible for Editor in 1.38 ms, found 2 plugins.
Preloading 0 native plugins for Editor in 0.00 ms.
Mono: successfully reloaded assembly
- Completed reload, in  8.385 seconds
Platform modules already initialized, skipping
Refreshing native plugins compatible for Editor in 0.44 ms, found 2 plugins.
Preloading 0 native plugins for Editor in 0.00 ms.
Unloading 1432 Unused Serialized files (Serialized files now loaded: 0)
System memory in use before: 68.0 MB.
System memory in use after: 67.4 MB.

Unloading 27 unused Assets to reduce memory usage. Loaded Objects now: 2055.
Total: 20.447800 ms (FindLiveObjects: 0.316200 ms CreateObjectMapping: 0.153700 ms MarkObjects: 13.045500 ms  DeleteObjects: 6.930100 ms)

========================================================================
Received Prepare
Registering precompiled user dll's ...
Registered in 0.002356 seconds.
Begin MonoManager ReloadAssembly
Native extension for WindowsStandalone target not found
Refreshing native plugins compatible for Editor in 0.72 ms, found 2 plugins.
Preloading 0 native plugins for Editor in 0.00 ms.
Mono: successfully reloaded assembly
- Completed reload, in  2.700 seconds
Platform modules already initialized, skipping
Refreshing native plugins compatible for Editor in 1.04 ms, found 2 plugins.
Preloading 0 native plugins for Editor in 0.00 ms.
Unloading 1431 Unused Serialized files (Serialized files now loaded: 0)
System memory in use before: 68.0 MB.
System memory in use after: 67.4 MB.

Unloading 28 unused Assets to reduce memory usage. Loaded Objects now: 2057.
Total: 4.452100 ms (FindLiveObjects: 0.406600 ms CreateObjectMapping: 0.163600 ms MarkObjects: 3.314700 ms  DeleteObjects: 0.565500 ms)

========================================================================
Received Prepare
Registering precompiled user dll's ...
Registered in 0.010254 seconds.
Begin MonoManager ReloadAssembly
Native extension for WindowsStandalone target not found
Refreshing native plugins compatible for Editor in 0.60 ms, found 2 plugins.
Preloading 0 native plugins for Editor in 0.00 ms.
Mono: successfully reloaded assembly
- Completed reload, in  4.055 seconds
Platform modules already initialized, skipping
Refreshing native plugins compatible for Editor in 0.36 ms, found 2 plugins.
Preloading 0 native plugins for Editor in 0.00 ms.
Unloading 1431 Unused Serialized files (Serialized files now loaded: 0)
System memory in use before: 68.0 MB.
System memory in use after: 67.4 MB.

Unloading 27 unused Assets to reduce memory usage. Loaded Objects now: 2060.
Total: 3.230800 ms (FindLiveObjects: 0.224400 ms CreateObjectMapping: 0.130200 ms MarkObjects: 2.447000 ms  DeleteObjects: 0.427000 ms)

========================================================================
Received Prepare
Registering precompiled user dll's ...
Registered in 0.015015 seconds.
Begin MonoManager ReloadAssembly
Native extension for WindowsStandalone target not found
Refreshing native plugins compatible for Editor in 0.73 ms, found 2 plugins.
Preloading 0 native plugins for Editor in 0.00 ms.
Mono: successfully reloaded assembly
- Completed reload, in  4.575 seconds
Platform modules already initialized, skipping
Refreshing native plugins compatible for Editor in 0.94 ms, found 2 plugins.
Preloading 0 native plugins for Editor in 0.00 ms.
Unloading 1431 Unused Serialized files (Serialized files now loaded: 0)
System memory in use before: 68.0 MB.
System memory in use after: 67.4 MB.

Unloading 27 unused Assets to reduce memory usage. Loaded Objects now: 2063.
Total: 4.467600 ms (FindLiveObjects: 0.379400 ms CreateObjectMapping: 0.118900 ms MarkObjects: 3.549600 ms  DeleteObjects: 0.417100 ms)

========================================================================
Received Prepare
Registering precompiled user dll's ...
Registered in 0.012559 seconds.
Begin MonoManager ReloadAssembly
Native extension for WindowsStandalone target not found
Refreshing native plugins compatible for Editor in 0.90 ms, found 2 plugins.
Preloading 0 native plugins for Editor in 0.00 ms.
Mono: successfully reloaded assembly
- Completed reload, in  2.133 seconds
Platform modules already initialized, skipping
Refreshing native plugins compatible for Editor in 0.45 ms, found 2 plugins.
Preloading 0 native plugins for Editor in 0.00 ms.
Unloading 1431 Unused Serialized files (Serialized files now loaded: 0)
System memory in use before: 68.0 MB.
System memory in use after: 67.4 MB.

Unloading 27 unused Assets to reduce memory usage. Loaded Objects now: 2066.
Total: 3.314600 ms (FindLiveObjects: 0.213900 ms CreateObjectMapping: 0.081800 ms MarkObjects: 2.595700 ms  DeleteObjects: 0.421300 ms)

========================================================================
Received Prepare
Registering precompiled user dll's ...
Registered in 0.025688 seconds.
Begin MonoManager ReloadAssembly
Native extension for WindowsStandalone target not found
Refreshing native plugins compatible for Editor in 2.55 ms, found 2 plugins.
Preloading 0 native plugins for Editor in 0.00 ms.
Mono: successfully reloaded assembly
- Completed reload, in  8.859 seconds
Platform modules already initialized, skipping
Refreshing native plugins compatible for Editor in 0.36 ms, found 2 plugins.
Preloading 0 native plugins for Editor in 0.00 ms.
Unloading 1431 Unused Serialized files (Serialized files now loaded: 0)
System memory in use before: 68.0 MB.
System memory in use after: 67.4 MB.

Unloading 27 unused Assets to reduce memory usage. Loaded Objects now: 2069.
Total: 13.344200 ms (FindLiveObjects: 1.249600 ms CreateObjectMapping: 1.222200 ms MarkObjects: 10.443000 ms  DeleteObjects: 0.427300 ms)

========================================================================
Received Prepare
Registering precompiled user dll's ...
Registered in 0.013422 seconds.
Begin MonoManager ReloadAssembly
Native extension for WindowsStandalone target not found
Refreshing native plugins compatible for Editor in 0.51 ms, found 2 plugins.
Preloading 0 native plugins for Editor in 0.00 ms.
Mono: successfully reloaded assembly
- Completed reload, in  2.442 seconds
Platform modules already initialized, skipping
Refreshing native plugins compatible for Editor in 0.73 ms, found 2 plugins.
Preloading 0 native plugins for Editor in 0.00 ms.
Unloading 1431 Unused Serialized files (Serialized files now loaded: 0)
System memory in use before: 68.0 MB.
System memory in use after: 67.4 MB.

Unloading 27 unused Assets to reduce memory usage. Loaded Objects now: 2072.
Total: 6.375400 ms (FindLiveObjects: 0.510400 ms CreateObjectMapping: 0.136400 ms MarkObjects: 4.620600 ms  DeleteObjects: 1.105500 ms)

========================================================================
Received Prepare
Registering precompiled user dll's ...
Registered in 0.068609 seconds.
Begin MonoManager ReloadAssembly
Native extension for WindowsStandalone target not found
Refreshing native plugins compatible for Editor in 1.53 ms, found 2 plugins.
Preloading 0 native plugins for Editor in 0.00 ms.
Mono: successfully reloaded assembly
- Completed reload, in 14.841 seconds
Platform modules already initialized, skipping
Refreshing native plugins compatible for Editor in 0.42 ms, found 2 plugins.
Preloading 0 native plugins for Editor in 0.00 ms.
Unloading 1431 Unused Serialized files (Serialized files now loaded: 0)
System memory in use before: 68.0 MB.
System memory in use after: 67.4 MB.

Unloading 27 unused Assets to reduce memory usage. Loaded Objects now: 2075.
Total: 4.819000 ms (FindLiveObjects: 0.443100 ms CreateObjectMapping: 0.117600 ms MarkObjects: 3.609800 ms  DeleteObjects: 0.646100 ms)

========================================================================
Received Prepare
Registering precompiled user dll's ...
Registered in 0.618110 seconds.
Begin MonoManager ReloadAssembly
Native extension for WindowsStandalone target not found
Refreshing native plugins compatible for Editor in 1.81 ms, found 2 plugins.
Preloading 0 native plugins for Editor in 0.00 ms.
Mono: successfully reloaded assembly
- Completed reload, in 10.881 seconds
Platform modules already initialized, skipping
Refreshing native plugins compatible for Editor in 2.18 ms, found 2 plugins.
Preloading 0 native plugins for Editor in 0.00 ms.
Unloading 1431 Unused Serialized files (Serialized files now loaded: 0)
System memory in use before: 68.0 MB.
System memory in use after: 67.5 MB.

Unloading 27 unused Assets to reduce memory usage. Loaded Objects now: 2078.
Total: 12.208700 ms (FindLiveObjects: 2.130700 ms CreateObjectMapping: 0.308100 ms MarkObjects: 7.506800 ms  DeleteObjects: 2.260800 ms)

========================================================================
Received Prepare
Registering precompiled user dll's ...
Registered in 0.104225 seconds.
Begin MonoManager ReloadAssembly
Native extension for WindowsStandalone target not found
Refreshing native plugins compatible for Editor in 1.43 ms, found 2 plugins.
Preloading 0 native plugins for Editor in 0.00 ms.
Mono: successfully reloaded assembly
- Completed reload, in  6.578 seconds
Platform modules already initialized, skipping
Refreshing native plugins compatible for Editor in 0.76 ms, found 2 plugins.
Preloading 0 native plugins for Editor in 0.00 ms.
Unloading 1431 Unused Serialized files (Serialized files now loaded: 0)
System memory in use before: 68.0 MB.
System memory in use after: 67.5 MB.

Unloading 27 unused Assets to reduce memory usage. Loaded Objects now: 2081.
Total: 9.792500 ms (FindLiveObjects: 0.498400 ms CreateObjectMapping: 0.159900 ms MarkObjects: 7.229400 ms  DeleteObjects: 1.902300 ms)

========================================================================
Received Prepare
Registering precompiled user dll's ...
Registered in 0.006095 seconds.
Begin MonoManager ReloadAssembly
Native extension for WindowsStandalone target not found
Refreshing native plugins compatible for Editor in 0.91 ms, found 2 plugins.
Preloading 0 native plugins for Editor in 0.00 ms.
Mono: successfully reloaded assembly
- Completed reload, in  1.969 seconds
Platform modules already initialized, skipping
Refreshing native plugins compatible for Editor in 0.59 ms, found 2 plugins.
Preloading 0 native plugins for Editor in 0.00 ms.
Unloading 1431 Unused Serialized files (Serialized files now loaded: 0)
System memory in use before: 68.0 MB.
System memory in use after: 67.5 MB.

Unloading 27 unused Assets to reduce memory usage. Loaded Objects now: 2084.
Total: 3.773100 ms (FindLiveObjects: 0.248000 ms CreateObjectMapping: 0.250400 ms MarkObjects: 2.889000 ms  DeleteObjects: 0.384000 ms)

========================================================================
Received Prepare
Registering precompiled user dll's ...
Registered in 0.005156 seconds.
Begin MonoManager ReloadAssembly
Native extension for WindowsStandalone target not found
Refreshing native plugins compatible for Editor in 0.54 ms, found 2 plugins.
Preloading 0 native plugins for Editor in 0.00 ms.
Mono: successfully reloaded assembly
- Completed reload, in  2.022 seconds
Platform modules already initialized, skipping
Refreshing native plugins compatible for Editor in 0.62 ms, found 2 plugins.
Preloading 0 native plugins for Editor in 0.00 ms.
Unloading 1431 Unused Serialized files (Serialized files now loaded: 0)
System memory in use before: 68.0 MB.
System memory in use after: 67.5 MB.

Unloading 27 unused Assets to reduce memory usage. Loaded Objects now: 2087.
Total: 4.355000 ms (FindLiveObjects: 0.262000 ms CreateObjectMapping: 0.143200 ms MarkObjects: 3.362300 ms  DeleteObjects: 0.585000 ms)

========================================================================
Received Prepare
Registering precompiled user dll's ...
Registered in 0.003311 seconds.
Begin MonoManager ReloadAssembly
Native extension for WindowsStandalone target not found
Refreshing native plugins compatible for Editor in 0.38 ms, found 2 plugins.
Preloading 0 native plugins for Editor in 0.00 ms.
Mono: successfully reloaded assembly
- Completed reload, in  2.419 seconds
Platform modules already initialized, skipping
Refreshing native plugins compatible for Editor in 0.57 ms, found 2 plugins.
Preloading 0 native plugins for Editor in 0.00 ms.
Unloading 1431 Unused Serialized files (Serialized files now loaded: 0)
System memory in use before: 68.0 MB.
System memory in use after: 67.5 MB.

Unloading 27 unused Assets to reduce memory usage. Loaded Objects now: 2090.
Total: 4.865700 ms (FindLiveObjects: 0.399000 ms CreateObjectMapping: 0.157200 ms MarkObjects: 3.683600 ms  DeleteObjects: 0.623300 ms)

